[2025-06-19 22:28:07][2a09:bac2:3131:245a::39f:71] EXCEPCION | Cannot call constructor | TRACE: #0 /homepages/22/d491590459/htdocs/autoexam/app/controladores/ruteador.php(71): InicioControlador->__construct()
#1 /homepages/22/d491590459/htdocs/autoexam/index.php(130): Ruteador->procesarPeticion()
#2 /homepages/22/d491590459/htdocs/autoexam/publico/index.php(25): require_once('/homepages/22/d...')
#3 {main} | /homepages/22/d491590459/htdocs/autoexam/app/controladores/inicio_controlador.php:24
[2025-06-19 22:28:09][2a09:bac2:3131:245a::39f:71] EXCEPCION | Cannot call constructor | TRACE: #0 /homepages/22/d491590459/htdocs/autoexam/app/controladores/ruteador.php(71): InicioControlador->__construct()
#1 /homepages/22/d491590459/htdocs/autoexam/index.php(130): Ruteador->procesarPeticion()
#2 /homepages/22/d491590459/htdocs/autoexam/publico/index.php(25): require_once('/homepages/22/d...')
#3 {main} | /homepages/22/d491590459/htdocs/autoexam/app/controladores/inicio_controlador.php:24
[2025-06-19 22:29:04][2a09:bac2:3131:245a::39f:71] EXCEPCION | Cannot call constructor | TRACE: #0 /homepages/22/d491590459/htdocs/autoexam/app/controladores/ruteador.php(71): InicioControlador->__construct()
#1 /homepages/22/d491590459/htdocs/autoexam/index.php(130): Ruteador->procesarPeticion()
#2 /homepages/22/d491590459/htdocs/autoexam/publico/index.php(25): require_once('/homepages/22/d...')
#3 {main} | /homepages/22/d491590459/htdocs/autoexam/app/controladores/inicio_controlador.php:24
[2025-06-19 22:29:05][2a09:bac2:3131:245a::39f:71] EXCEPCION | Cannot call constructor | TRACE: #0 /homepages/22/d491590459/htdocs/autoexam/app/controladores/ruteador.php(71): InicioControlador->__construct()
#1 /homepages/22/d491590459/htdocs/autoexam/index.php(130): Ruteador->procesarPeticion()
#2 /homepages/22/d491590459/htdocs/autoexam/publico/index.php(25): require_once('/homepages/22/d...')
#3 {main} | /homepages/22/d491590459/htdocs/autoexam/app/controladores/inicio_controlador.php:24
[2025-06-19 22:29:08][2a09:bac2:3131:245a::39f:71] EXCEPCION | Cannot call constructor | TRACE: #0 /homepages/22/d491590459/htdocs/autoexam/app/controladores/ruteador.php(71): InicioControlador->__construct()
#1 /homepages/22/d491590459/htdocs/autoexam/index.php(130): Ruteador->procesarPeticion()
#2 /homepages/22/d491590459/htdocs/autoexam/publico/index.php(25): require_once('/homepages/22/d...')
#3 {main} | /homepages/22/d491590459/htdocs/autoexam/app/controladores/inicio_controlador.php:24
[2025-06-19 22:30:10][2a09:bac2:3131:245a::39f:71] EXCEPCION | Cannot call constructor | TRACE: #0 /homepages/22/d491590459/htdocs/autoexam/app/controladores/ruteador.php(71): InicioControlador->__construct()
#1 /homepages/22/d491590459/htdocs/autoexam/index.php(130): Ruteador->procesarPeticion()
#2 /homepages/22/d491590459/htdocs/autoexam/publico/index.php(25): require_once('/homepages/22/d...')
#3 {main} | /homepages/22/d491590459/htdocs/autoexam/app/controladores/inicio_controlador.php:24
[2025-06-19 22:30:10][2a09:bac2:3131:245a::39f:71] EXCEPCION | Cannot call constructor | TRACE: #0 /homepages/22/d491590459/htdocs/autoexam/app/controladores/ruteador.php(71): InicioControlador->__construct()
#1 /homepages/22/d491590459/htdocs/autoexam/index.php(130): Ruteador->procesarPeticion()
#2 /homepages/22/d491590459/htdocs/autoexam/publico/index.php(25): require_once('/homepages/22/d...')
#3 {main} | /homepages/22/d491590459/htdocs/autoexam/app/controladores/inicio_controlador.php:24
[2025-06-19 22:30:11][2a09:bac2:3131:245a::39f:71] EXCEPCION | Cannot call constructor | TRACE: #0 /homepages/22/d491590459/htdocs/autoexam/app/controladores/ruteador.php(71): InicioControlador->__construct()
#1 /homepages/22/d491590459/htdocs/autoexam/index.php(130): Ruteador->procesarPeticion()
#2 /homepages/22/d491590459/htdocs/autoexam/publico/index.php(25): require_once('/homepages/22/d...')
#3 {main} | /homepages/22/d491590459/htdocs/autoexam/app/controladores/inicio_controlador.php:24
[2025-06-19 22:30:12][2a09:bac2:3131:245a::39f:71] EXCEPCION | Cannot call constructor | TRACE: #0 /homepages/22/d491590459/htdocs/autoexam/app/controladores/ruteador.php(71): InicioControlador->__construct()
#1 /homepages/22/d491590459/htdocs/autoexam/index.php(130): Ruteador->procesarPeticion()
#2 /homepages/22/d491590459/htdocs/autoexam/publico/index.php(25): require_once('/homepages/22/d...')
#3 {main} | /homepages/22/d491590459/htdocs/autoexam/app/controladores/inicio_controlador.php:24
[2025-06-19 22:30:54][2a09:bac2:3131:245a::39f:71] EXCEPCION | Cannot call constructor | TRACE: #0 /homepages/22/d491590459/htdocs/autoexam/app/controladores/ruteador.php(71): InicioControlador->__construct()
#1 /homepages/22/d491590459/htdocs/autoexam/index.php(130): Ruteador->procesarPeticion()
#2 /homepages/22/d491590459/htdocs/autoexam/publico/index.php(25): require_once('/homepages/22/d...')
#3 {main} | /homepages/22/d491590459/htdocs/autoexam/app/controladores/inicio_controlador.php:24
[2025-06-19 22:30:54][2a09:bac2:3131:245a::39f:71] EXCEPCION | Cannot call constructor | TRACE: #0 /homepages/22/d491590459/htdocs/autoexam/app/controladores/ruteador.php(71): InicioControlador->__construct()
#1 /homepages/22/d491590459/htdocs/autoexam/index.php(130): Ruteador->procesarPeticion()
#2 /homepages/22/d491590459/htdocs/autoexam/publico/index.php(25): require_once('/homepages/22/d...')
#3 {main} | /homepages/22/d491590459/htdocs/autoexam/app/controladores/inicio_controlador.php:24
[2025-06-19 22:31:20][2a09:bac2:3131:245a::39f:71] EXCEPCION | Cannot call constructor | TRACE: #0 /homepages/22/d491590459/htdocs/autoexam/app/controladores/ruteador.php(71): InicioControlador->__construct()
#1 /homepages/22/d491590459/htdocs/autoexam/index.php(130): Ruteador->procesarPeticion()
#2 /homepages/22/d491590459/htdocs/autoexam/publico/index.php(17): require_once('/homepages/22/d...')
#3 {main} | /homepages/22/d491590459/htdocs/autoexam/app/controladores/inicio_controlador.php:24
[2025-06-19 22:31:21][2a09:bac2:3131:245a::39f:71] EXCEPCION | Cannot call constructor | TRACE: #0 /homepages/22/d491590459/htdocs/autoexam/app/controladores/ruteador.php(71): InicioControlador->__construct()
#1 /homepages/22/d491590459/htdocs/autoexam/index.php(130): Ruteador->procesarPeticion()
#2 /homepages/22/d491590459/htdocs/autoexam/publico/index.php(17): require_once('/homepages/22/d...')
#3 {main} | /homepages/22/d491590459/htdocs/autoexam/app/controladores/inicio_controlador.php:24
[2025-06-19 22:31:22][2a09:bac2:3131:245a::39f:71] EXCEPCION | Cannot call constructor | TRACE: #0 /homepages/22/d491590459/htdocs/autoexam/app/controladores/ruteador.php(71): InicioControlador->__construct()
#1 /homepages/22/d491590459/htdocs/autoexam/index.php(130): Ruteador->procesarPeticion()
#2 /homepages/22/d491590459/htdocs/autoexam/publico/index.php(17): require_once('/homepages/22/d...')
#3 {main} | /homepages/22/d491590459/htdocs/autoexam/app/controladores/inicio_controlador.php:24
[2025-06-19 22:31:23][2a09:bac2:3131:245a::39f:71] EXCEPCION | Cannot call constructor | TRACE: #0 /homepages/22/d491590459/htdocs/autoexam/app/controladores/ruteador.php(71): InicioControlador->__construct()
#1 /homepages/22/d491590459/htdocs/autoexam/index.php(130): Ruteador->procesarPeticion()
#2 /homepages/22/d491590459/htdocs/autoexam/publico/index.php(17): require_once('/homepages/22/d...')
#3 {main} | /homepages/22/d491590459/htdocs/autoexam/app/controladores/inicio_controlador.php:24
[2025-06-19 22:31:24][2a09:bac2:3131:245a::39f:71] EXCEPCION | Cannot call constructor | TRACE: #0 /homepages/22/d491590459/htdocs/autoexam/app/controladores/ruteador.php(71): InicioControlador->__construct()
#1 /homepages/22/d491590459/htdocs/autoexam/index.php(130): Ruteador->procesarPeticion()
#2 /homepages/22/d491590459/htdocs/autoexam/publico/index.php(17): require_once('/homepages/22/d...')
#3 {main} | /homepages/22/d491590459/htdocs/autoexam/app/controladores/inicio_controlador.php:24
[2025-06-19 22:31:54][2a09:bac2:3131:245a::39f:71] EXCEPCION | Cannot call constructor | TRACE: #0 /homepages/22/d491590459/htdocs/autoexam/app/controladores/ruteador.php(71): InicioControlador->__construct()
#1 /homepages/22/d491590459/htdocs/autoexam/index.php(115): Ruteador->procesarPeticion()
#2 /homepages/22/d491590459/htdocs/autoexam/publico/index.php(17): require_once('/homepages/22/d...')
#3 {main} | /homepages/22/d491590459/htdocs/autoexam/app/controladores/inicio_controlador.php:24
[2025-06-19 22:31:55][2a09:bac2:3131:245a::39f:71] EXCEPCION | Cannot call constructor | TRACE: #0 /homepages/22/d491590459/htdocs/autoexam/app/controladores/ruteador.php(71): InicioControlador->__construct()
#1 /homepages/22/d491590459/htdocs/autoexam/index.php(115): Ruteador->procesarPeticion()
#2 /homepages/22/d491590459/htdocs/autoexam/publico/index.php(17): require_once('/homepages/22/d...')
#3 {main} | /homepages/22/d491590459/htdocs/autoexam/app/controladores/inicio_controlador.php:24
[2025-06-19 22:31:56][2a09:bac2:3131:245a::39f:71] EXCEPCION | Cannot call constructor | TRACE: #0 /homepages/22/d491590459/htdocs/autoexam/app/controladores/ruteador.php(71): InicioControlador->__construct()
#1 /homepages/22/d491590459/htdocs/autoexam/index.php(115): Ruteador->procesarPeticion()
#2 /homepages/22/d491590459/htdocs/autoexam/publico/index.php(17): require_once('/homepages/22/d...')
#3 {main} | /homepages/22/d491590459/htdocs/autoexam/app/controladores/inicio_controlador.php:24
[2025-06-19 22:31:56][2a09:bac2:3131:245a::39f:71] EXCEPCION | Cannot call constructor | TRACE: #0 /homepages/22/d491590459/htdocs/autoexam/app/controladores/ruteador.php(71): InicioControlador->__construct()
#1 /homepages/22/d491590459/htdocs/autoexam/index.php(115): Ruteador->procesarPeticion()
#2 /homepages/22/d491590459/htdocs/autoexam/publico/index.php(17): require_once('/homepages/22/d...')
#3 {main} | /homepages/22/d491590459/htdocs/autoexam/app/controladores/inicio_controlador.php:24
[2025-06-19 22:31:56][2a09:bac2:3131:245a::39f:71] EXCEPCION | Cannot call constructor | TRACE: #0 /homepages/22/d491590459/htdocs/autoexam/app/controladores/ruteador.php(71): InicioControlador->__construct()
#1 /homepages/22/d491590459/htdocs/autoexam/index.php(115): Ruteador->procesarPeticion()
#2 /homepages/22/d491590459/htdocs/autoexam/publico/index.php(17): require_once('/homepages/22/d...')
#3 {main} | /homepages/22/d491590459/htdocs/autoexam/app/controladores/inicio_controlador.php:24
[2025-06-19 22:32:01][2a09:bac2:3131:245a::39f:71] EXCEPCION | Cannot call constructor | TRACE: #0 /homepages/22/d491590459/htdocs/autoexam/app/controladores/ruteador.php(71): InicioControlador->__construct()
#1 /homepages/22/d491590459/htdocs/autoexam/index.php(115): Ruteador->procesarPeticion()
#2 /homepages/22/d491590459/htdocs/autoexam/publico/index.php(17): require_once('/homepages/22/d...')
#3 {main} | /homepages/22/d491590459/htdocs/autoexam/app/controladores/inicio_controlador.php:24
[2025-06-19 22:34:56][2a09:bac2:3131:245a::39f:71] EXCEPCION | Cannot call constructor | /homepages/22/d491590459/htdocs/autoexam/app/controladores/inicio_controlador.php:24
[2025-06-19 22:34:57][2a09:bac2:3131:245a::39f:71] EXCEPCION | Cannot call constructor | /homepages/22/d491590459/htdocs/autoexam/app/controladores/inicio_controlador.php:24
[2025-06-19 22:34:58][2a09:bac2:3131:245a::39f:71] EXCEPCION | Cannot call constructor | /homepages/22/d491590459/htdocs/autoexam/app/controladores/inicio_controlador.php:24
[2025-06-19 22:35:04][2a09:bac2:3131:245a::39f:71] EXCEPCION | Cannot call constructor | /homepages/22/d491590459/htdocs/autoexam/app/controladores/inicio_controlador.php:24
[2025-06-19 22:35:04][2a09:bac2:3131:245a::39f:71] EXCEPCION | Cannot call constructor | /homepages/22/d491590459/htdocs/autoexam/app/controladores/inicio_controlador.php:24
[2025-06-19 22:35:36][2a09:bac2:3131:245a::39f:71] EXCEPCION | Cannot call constructor | /homepages/22/d491590459/htdocs/autoexam/app/controladores/inicio_controlador.php:24
[2025-06-19 22:35:37][2a09:bac2:3131:245a::39f:71] EXCEPCION | Cannot call constructor | /homepages/22/d491590459/htdocs/autoexam/app/controladores/inicio_controlador.php:24
[2025-06-19 22:35:38][2a09:bac2:3131:245a::39f:71] EXCEPCION | Cannot call constructor | /homepages/22/d491590459/htdocs/autoexam/app/controladores/inicio_controlador.php:24
[2025-06-19 22:36:34][2a09:bac2:3131:245a::39f:71] EXCEPCION | Cannot call constructor | /homepages/22/d491590459/htdocs/autoexam/app/controladores/inicio_controlador.php:24
[2025-06-19 22:36:35][2a09:bac2:3131:245a::39f:71] EXCEPCION | Cannot call constructor | /homepages/22/d491590459/htdocs/autoexam/app/controladores/inicio_controlador.php:24
[2025-06-19 22:36:41][2a09:bac2:3131:245a::39f:71] EXCEPCION | Cannot call constructor | /homepages/22/d491590459/htdocs/autoexam/app/controladores/inicio_controlador.php:24
[2025-06-19 22:36:42][2a09:bac2:3131:245a::39f:71] EXCEPCION | Cannot call constructor | /homepages/22/d491590459/htdocs/autoexam/app/controladores/inicio_controlador.php:24
[2025-06-19 22:37:32][2a09:bac2:3131:245a::39f:71] EXCEPCION | Cannot call constructor | /homepages/22/d491590459/htdocs/autoexam/app/controladores/inicio_controlador.php:24
[2025-06-19 22:37:33][2a09:bac2:3131:245a::39f:71] EXCEPCION | Cannot call constructor | /homepages/22/d491590459/htdocs/autoexam/app/controladores/inicio_controlador.php:24
[2025-06-19 22:37:43][2a09:bac2:3131:245a::39f:71] EXCEPCION | Cannot call constructor | /homepages/22/d491590459/htdocs/autoexam/app/controladores/inicio_controlador.php:24
[2025-06-19 22:37:49][2a09:bac2:3131:245a::39f:71] EXCEPCION | Cannot call constructor | /homepages/22/d491590459/htdocs/autoexam/app/controladores/inicio_controlador.php:24
[2025-06-19 22:37:51][2a09:bac2:3131:245a::39f:71] EXCEPCION | Cannot call constructor | /homepages/22/d491590459/htdocs/autoexam/app/controladores/inicio_controlador.php:24
[2025-06-19 22:37:53][2a09:bac2:3131:245a::39f:71] EXCEPCION | Cannot call constructor | /homepages/22/d491590459/htdocs/autoexam/app/controladores/inicio_controlador.php:24
[2025-06-19 22:37:54][2a09:bac2:3131:245a::39f:71] EXCEPCION | Cannot call constructor | /homepages/22/d491590459/htdocs/autoexam/app/controladores/inicio_controlador.php:24
[2025-06-19 22:37:55][2a09:bac2:3131:245a::39f:71] EXCEPCION | Cannot call constructor | /homepages/22/d491590459/htdocs/autoexam/app/controladores/inicio_controlador.php:24
[2025-06-19 22:37:57][2a09:bac2:3131:245a::39f:71] EXCEPCION | Cannot call constructor | /homepages/22/d491590459/htdocs/autoexam/app/controladores/inicio_controlador.php:24
[2025-06-19 22:37:58][2a09:bac2:3131:245a::39f:71] EXCEPCION | Cannot call constructor | /homepages/22/d491590459/htdocs/autoexam/app/controladores/inicio_controlador.php:24
[2025-06-19 22:37:59][2a09:bac2:3131:245a::39f:71] EXCEPCION | Cannot call constructor | /homepages/22/d491590459/htdocs/autoexam/app/controladores/inicio_controlador.php:24
[2025-06-19 22:38:07][2a09:bac2:3131:245a::39f:71] EXCEPCION | Cannot call constructor | /homepages/22/d491590459/htdocs/autoexam/app/controladores/inicio_controlador.php:24
[2025-06-19 22:38:11][2a09:bac2:3131:245a::39f:71] EXCEPCION | Cannot call constructor | /homepages/22/d491590459/htdocs/autoexam/app/controladores/inicio_controlador.php:24
[2025-06-19 22:38:12][2a09:bac2:3131:245a::39f:71] EXCEPCION | Cannot call constructor | /homepages/22/d491590459/htdocs/autoexam/app/controladores/inicio_controlador.php:24
[2025-06-19 22:38:12][2a09:bac2:3131:245a::39f:71] EXCEPCION | Cannot call constructor | /homepages/22/d491590459/htdocs/autoexam/app/controladores/inicio_controlador.php:24
[2025-06-19 22:38:13][2a09:bac2:3131:245a::39f:71] EXCEPCION | Cannot call constructor | /homepages/22/d491590459/htdocs/autoexam/app/controladores/inicio_controlador.php:24
[2025-06-19 22:38:39][2a09:bac2:3131:245a::39f:71] EXCEPCION | Cannot call constructor | /homepages/22/d491590459/htdocs/autoexam/app/controladores/inicio_controlador.php:24
[2025-06-19 22:38:39][2a09:bac2:3131:245a::39f:71] EXCEPCION | Cannot call constructor | /homepages/22/d491590459/htdocs/autoexam/app/controladores/inicio_controlador.php:24
[2025-06-19 22:38:40][2a09:bac2:3131:245a::39f:71] EXCEPCION | Cannot call constructor | /homepages/22/d491590459/htdocs/autoexam/app/controladores/inicio_controlador.php:24
[2025-06-19 22:38:42][2a09:bac2:3131:245a::39f:71] EXCEPCION | Cannot call constructor | /homepages/22/d491590459/htdocs/autoexam/app/controladores/inicio_controlador.php:24
[2025-06-19 22:38:45][2a09:bac2:3131:245a::39f:71] EXCEPCION | Cannot call constructor | /homepages/22/d491590459/htdocs/autoexam/app/controladores/inicio_controlador.php:24
[2025-06-19 22:38:45][2a09:bac2:3131:245a::39f:71] EXCEPCION | Cannot call constructor | /homepages/22/d491590459/htdocs/autoexam/app/controladores/inicio_controlador.php:24
[2025-06-19 22:38:47][2a09:bac2:3131:245a::39f:71] EXCEPCION | Cannot call constructor | /homepages/22/d491590459/htdocs/autoexam/app/controladores/inicio_controlador.php:24
[2025-06-19 22:38:50][2a09:bac2:3131:245a::39f:71] EXCEPCION | Cannot call constructor | /homepages/22/d491590459/htdocs/autoexam/app/controladores/inicio_controlador.php:24
[2025-06-19 22:38:51][2a09:bac2:3131:245a::39f:71] EXCEPCION | Cannot call constructor | /homepages/22/d491590459/htdocs/autoexam/app/controladores/inicio_controlador.php:24
[2025-06-19 22:38:52][2a09:bac2:3131:245a::39f:71] EXCEPCION | Cannot call constructor | /homepages/22/d491590459/htdocs/autoexam/app/controladores/inicio_controlador.php:24
[2025-06-19 23:15:19][2a09:bac3:3130:245a::39f:77] EXCEPCION | Cannot call constructor | /homepages/22/d491590459/htdocs/autoexam/app/controladores/inicio_controlador.php:24
[2025-06-19 23:15:19][2a09:bac3:3130:245a::39f:77] EXCEPCION | Cannot call constructor | /homepages/22/d491590459/htdocs/autoexam/app/controladores/inicio_controlador.php:24
[2025-06-19 23:15:19][2a09:bac3:3130:245a::39f:77] EXCEPCION | Cannot call constructor | /homepages/22/d491590459/htdocs/autoexam/app/controladores/inicio_controlador.php:24
[2025-06-19 23:15:19][2a09:bac3:3130:245a::39f:77] EXCEPCION | Cannot call constructor | /homepages/22/d491590459/htdocs/autoexam/app/controladores/inicio_controlador.php:24
[2025-06-20 09:08:29][2a09:bac2:3130:191::28:110] EXCEPCION | Cannot call constructor | /homepages/22/d491590459/htdocs/autoexam/app/controladores/inicio_controlador.php:24
[2025-06-20 09:14:45][2a09:bac2:3130:191::28:110] ERROR | Creation of dynamic property InicioControlador::$cursoModelo is deprecated | /homepages/22/d491590459/htdocs/autoexam/app/controladores/inicio_controlador.php:31
[2025-06-20 09:14:45][2a09:bac2:3130:191::28:110] ERROR | Creation of dynamic property InicioControlador::$cursoModelo is deprecated | /homepages/22/d491590459/htdocs/autoexam/app/controladores/inicio_controlador.php:31
[2025-06-20 09:14:49][2a09:bac2:3130:191::28:110] ERROR | session_destroy(): Trying to destroy uninitialized session | /homepages/22/d491590459/htdocs/autoexam/app/utilidades/sesion.php:149
[2025-06-20 09:14:49][2a09:bac2:3130:191::28:110] ERROR | Creation of dynamic property InicioControlador::$cursoModelo is deprecated | /homepages/22/d491590459/htdocs/autoexam/app/controladores/inicio_controlador.php:31
[2025-06-20 09:15:05][2a09:bac2:3130:191::28:110] EXCEPCION | Call to undefined method Usuario::obtenerPorId() | /homepages/22/d491590459/htdocs/autoexam/app/controladores/cursos_controlador.php:860
[2025-06-20 09:31:44][2a09:bac2:3130:191::28:110] ERROR | Undefined array key "buscar" | /homepages/22/d491590459/htdocs/autoexam/app/vistas/admin/usuarios/listar.php:114
[2025-06-20 09:31:44][2a09:bac2:3130:191::28:110] ERROR | htmlspecialchars(): Passing null to parameter #1 ($string) of type string is deprecated | /homepages/22/d491590459/htdocs/autoexam/app/vistas/admin/usuarios/listar.php:114
[2025-06-20 09:31:44][2a09:bac2:3130:191::28:110] ERROR | Undefined array key "rol" | /homepages/22/d491590459/htdocs/autoexam/app/vistas/admin/usuarios/listar.php:124
[2025-06-20 09:31:44][2a09:bac2:3130:191::28:110] ERROR | Undefined array key "rol" | /homepages/22/d491590459/htdocs/autoexam/app/vistas/admin/usuarios/listar.php:125
[2025-06-20 09:31:44][2a09:bac2:3130:191::28:110] ERROR | Undefined array key "rol" | /homepages/22/d491590459/htdocs/autoexam/app/vistas/admin/usuarios/listar.php:126
[2025-06-20 09:31:44][2a09:bac2:3130:191::28:110] ERROR | Undefined array key "activo" | /homepages/22/d491590459/htdocs/autoexam/app/vistas/admin/usuarios/listar.php:136
[2025-06-20 09:31:44][2a09:bac2:3130:191::28:110] ERROR | Undefined array key "activo" | /homepages/22/d491590459/htdocs/autoexam/app/vistas/admin/usuarios/listar.php:137
[2025-06-20 09:31:45][2a09:bac2:3130:191::28:110] ERROR | Creation of dynamic property InicioControlador::$cursoModelo is deprecated | /homepages/22/d491590459/htdocs/autoexam/app/controladores/inicio_controlador.php:31
[2025-06-20 09:31:45][2a09:bac2:3130:191::28:110] ERROR | Creation of dynamic property InicioControlador::$cursoModelo is deprecated | /homepages/22/d491590459/htdocs/autoexam/app/controladores/inicio_controlador.php:31
[2025-06-20 09:31:45][2a09:bac2:3130:191::28:110] ERROR | Creation of dynamic property InicioControlador::$cursoModelo is deprecated | /homepages/22/d491590459/htdocs/autoexam/app/controladores/inicio_controlador.php:31
[2025-06-20 09:31:48][2a09:bac2:3130:191::28:110] ERROR | Undefined array key "buscar" | /homepages/22/d491590459/htdocs/autoexam/app/vistas/admin/usuarios/listar.php:114
[2025-06-20 09:31:48][2a09:bac2:3130:191::28:110] ERROR | htmlspecialchars(): Passing null to parameter #1 ($string) of type string is deprecated | /homepages/22/d491590459/htdocs/autoexam/app/vistas/admin/usuarios/listar.php:114
[2025-06-20 09:31:48][2a09:bac2:3130:191::28:110] ERROR | Undefined array key "rol" | /homepages/22/d491590459/htdocs/autoexam/app/vistas/admin/usuarios/listar.php:124
[2025-06-20 09:31:48][2a09:bac2:3130:191::28:110] ERROR | Undefined array key "rol" | /homepages/22/d491590459/htdocs/autoexam/app/vistas/admin/usuarios/listar.php:125
[2025-06-20 09:31:48][2a09:bac2:3130:191::28:110] ERROR | Undefined array key "rol" | /homepages/22/d491590459/htdocs/autoexam/app/vistas/admin/usuarios/listar.php:126
[2025-06-20 09:31:48][2a09:bac2:3130:191::28:110] ERROR | Undefined array key "activo" | /homepages/22/d491590459/htdocs/autoexam/app/vistas/admin/usuarios/listar.php:136
[2025-06-20 09:31:48][2a09:bac2:3130:191::28:110] ERROR | Undefined array key "activo" | /homepages/22/d491590459/htdocs/autoexam/app/vistas/admin/usuarios/listar.php:137
[2025-06-20 09:32:01][2a09:bac2:3130:191::28:110] ERROR | Constant FILTER_SANITIZE_STRING is deprecated | /homepages/22/d491590459/htdocs/autoexam/app/modelos/usuario_modelo.php:65
[2025-06-20 09:32:01][2a09:bac2:3130:191::28:110] ERROR | Constant FILTER_SANITIZE_STRING is deprecated | /homepages/22/d491590459/htdocs/autoexam/app/modelos/usuario_modelo.php:65
[2025-06-20 09:32:01][2a09:bac2:3130:191::28:110] ERROR | Undefined array key "buscar" | /homepages/22/d491590459/htdocs/autoexam/app/vistas/admin/usuarios/listar.php:114
[2025-06-20 09:32:01][2a09:bac2:3130:191::28:110] ERROR | htmlspecialchars(): Passing null to parameter #1 ($string) of type string is deprecated | /homepages/22/d491590459/htdocs/autoexam/app/vistas/admin/usuarios/listar.php:114
[2025-06-20 09:32:01][2a09:bac2:3130:191::28:110] ERROR | Undefined array key "rol" | /homepages/22/d491590459/htdocs/autoexam/app/vistas/admin/usuarios/listar.php:124
[2025-06-20 09:32:01][2a09:bac2:3130:191::28:110] ERROR | Undefined array key "rol" | /homepages/22/d491590459/htdocs/autoexam/app/vistas/admin/usuarios/listar.php:125
[2025-06-20 09:32:01][2a09:bac2:3130:191::28:110] ERROR | Undefined array key "rol" | /homepages/22/d491590459/htdocs/autoexam/app/vistas/admin/usuarios/listar.php:126
[2025-06-20 09:32:01][2a09:bac2:3130:191::28:110] ERROR | Undefined array key "activo" | /homepages/22/d491590459/htdocs/autoexam/app/vistas/admin/usuarios/listar.php:136
[2025-06-20 09:32:01][2a09:bac2:3130:191::28:110] ERROR | Undefined array key "activo" | /homepages/22/d491590459/htdocs/autoexam/app/vistas/admin/usuarios/listar.php:137
[2025-06-20 09:32:04][2a09:bac2:3130:191::28:110] ERROR | Undefined array key "buscar" | /homepages/22/d491590459/htdocs/autoexam/app/vistas/admin/usuarios/listar.php:114
[2025-06-20 09:32:04][2a09:bac2:3130:191::28:110] ERROR | htmlspecialchars(): Passing null to parameter #1 ($string) of type string is deprecated | /homepages/22/d491590459/htdocs/autoexam/app/vistas/admin/usuarios/listar.php:114
[2025-06-20 09:32:04][2a09:bac2:3130:191::28:110] ERROR | Undefined array key "rol" | /homepages/22/d491590459/htdocs/autoexam/app/vistas/admin/usuarios/listar.php:124
[2025-06-20 09:32:04][2a09:bac2:3130:191::28:110] ERROR | Undefined array key "rol" | /homepages/22/d491590459/htdocs/autoexam/app/vistas/admin/usuarios/listar.php:125
[2025-06-20 09:32:04][2a09:bac2:3130:191::28:110] ERROR | Undefined array key "rol" | /homepages/22/d491590459/htdocs/autoexam/app/vistas/admin/usuarios/listar.php:126
[2025-06-20 09:32:04][2a09:bac2:3130:191::28:110] ERROR | Undefined array key "activo" | /homepages/22/d491590459/htdocs/autoexam/app/vistas/admin/usuarios/listar.php:136
[2025-06-20 09:32:04][2a09:bac2:3130:191::28:110] ERROR | Undefined array key "activo" | /homepages/22/d491590459/htdocs/autoexam/app/vistas/admin/usuarios/listar.php:137
[2025-06-20 09:32:13][2a09:bac2:3130:191::28:110] ERROR | Constant FILTER_SANITIZE_STRING is deprecated | /homepages/22/d491590459/htdocs/autoexam/app/modelos/usuario_modelo.php:65
[2025-06-20 09:32:13][2a09:bac2:3130:191::28:110] ERROR | Constant FILTER_SANITIZE_STRING is deprecated | /homepages/22/d491590459/htdocs/autoexam/app/modelos/usuario_modelo.php:65
[2025-06-20 09:32:13][2a09:bac2:3130:191::28:110] ERROR | Undefined array key "buscar" | /homepages/22/d491590459/htdocs/autoexam/app/vistas/admin/usuarios/listar.php:114
[2025-06-20 09:32:13][2a09:bac2:3130:191::28:110] ERROR | htmlspecialchars(): Passing null to parameter #1 ($string) of type string is deprecated | /homepages/22/d491590459/htdocs/autoexam/app/vistas/admin/usuarios/listar.php:114
[2025-06-20 09:32:13][2a09:bac2:3130:191::28:110] ERROR | Undefined array key "rol" | /homepages/22/d491590459/htdocs/autoexam/app/vistas/admin/usuarios/listar.php:124
[2025-06-20 09:32:13][2a09:bac2:3130:191::28:110] ERROR | Undefined array key "rol" | /homepages/22/d491590459/htdocs/autoexam/app/vistas/admin/usuarios/listar.php:125
[2025-06-20 09:32:13][2a09:bac2:3130:191::28:110] ERROR | Undefined array key "rol" | /homepages/22/d491590459/htdocs/autoexam/app/vistas/admin/usuarios/listar.php:126
[2025-06-20 09:32:13][2a09:bac2:3130:191::28:110] ERROR | Undefined array key "activo" | /homepages/22/d491590459/htdocs/autoexam/app/vistas/admin/usuarios/listar.php:136
[2025-06-20 09:32:13][2a09:bac2:3130:191::28:110] ERROR | Undefined array key "activo" | /homepages/22/d491590459/htdocs/autoexam/app/vistas/admin/usuarios/listar.php:137
[2025-06-20 09:32:21][2a09:bac2:3130:191::28:110] ERROR | Undefined array key "buscar" | /homepages/22/d491590459/htdocs/autoexam/app/vistas/admin/usuarios/listar.php:114
[2025-06-20 09:32:21][2a09:bac2:3130:191::28:110] ERROR | htmlspecialchars(): Passing null to parameter #1 ($string) of type string is deprecated | /homepages/22/d491590459/htdocs/autoexam/app/vistas/admin/usuarios/listar.php:114
[2025-06-20 09:32:21][2a09:bac2:3130:191::28:110] ERROR | Undefined array key "rol" | /homepages/22/d491590459/htdocs/autoexam/app/vistas/admin/usuarios/listar.php:124
[2025-06-20 09:32:21][2a09:bac2:3130:191::28:110] ERROR | Undefined array key "rol" | /homepages/22/d491590459/htdocs/autoexam/app/vistas/admin/usuarios/listar.php:125
[2025-06-20 09:32:21][2a09:bac2:3130:191::28:110] ERROR | Undefined array key "rol" | /homepages/22/d491590459/htdocs/autoexam/app/vistas/admin/usuarios/listar.php:126
[2025-06-20 09:32:21][2a09:bac2:3130:191::28:110] ERROR | Undefined array key "activo" | /homepages/22/d491590459/htdocs/autoexam/app/vistas/admin/usuarios/listar.php:136
[2025-06-20 09:32:21][2a09:bac2:3130:191::28:110] ERROR | Undefined array key "activo" | /homepages/22/d491590459/htdocs/autoexam/app/vistas/admin/usuarios/listar.php:137
[2025-06-20 09:32:24][2a09:bac2:3130:191::28:110] ERROR | Undefined array key "buscar" | /homepages/22/d491590459/htdocs/autoexam/app/vistas/admin/usuarios/listar.php:114
[2025-06-20 09:32:24][2a09:bac2:3130:191::28:110] ERROR | htmlspecialchars(): Passing null to parameter #1 ($string) of type string is deprecated | /homepages/22/d491590459/htdocs/autoexam/app/vistas/admin/usuarios/listar.php:114
[2025-06-20 09:32:24][2a09:bac2:3130:191::28:110] ERROR | Undefined array key "rol" | /homepages/22/d491590459/htdocs/autoexam/app/vistas/admin/usuarios/listar.php:124
[2025-06-20 09:32:24][2a09:bac2:3130:191::28:110] ERROR | Undefined array key "rol" | /homepages/22/d491590459/htdocs/autoexam/app/vistas/admin/usuarios/listar.php:125
[2025-06-20 09:32:24][2a09:bac2:3130:191::28:110] ERROR | Undefined array key "rol" | /homepages/22/d491590459/htdocs/autoexam/app/vistas/admin/usuarios/listar.php:126
[2025-06-20 09:32:24][2a09:bac2:3130:191::28:110] ERROR | Undefined array key "activo" | /homepages/22/d491590459/htdocs/autoexam/app/vistas/admin/usuarios/listar.php:136
[2025-06-20 09:32:24][2a09:bac2:3130:191::28:110] ERROR | Undefined array key "activo" | /homepages/22/d491590459/htdocs/autoexam/app/vistas/admin/usuarios/listar.php:137
[2025-06-20 09:32:29][2a09:bac2:3130:191::28:110] ERROR | Undefined array key "buscar" | /homepages/22/d491590459/htdocs/autoexam/app/vistas/admin/usuarios/listar.php:114
[2025-06-20 09:32:29][2a09:bac2:3130:191::28:110] ERROR | htmlspecialchars(): Passing null to parameter #1 ($string) of type string is deprecated | /homepages/22/d491590459/htdocs/autoexam/app/vistas/admin/usuarios/listar.php:114
[2025-06-20 09:32:29][2a09:bac2:3130:191::28:110] ERROR | Undefined array key "rol" | /homepages/22/d491590459/htdocs/autoexam/app/vistas/admin/usuarios/listar.php:124
[2025-06-20 09:32:29][2a09:bac2:3130:191::28:110] ERROR | Undefined array key "rol" | /homepages/22/d491590459/htdocs/autoexam/app/vistas/admin/usuarios/listar.php:125
[2025-06-20 09:32:29][2a09:bac2:3130:191::28:110] ERROR | Undefined array key "rol" | /homepages/22/d491590459/htdocs/autoexam/app/vistas/admin/usuarios/listar.php:126
[2025-06-20 09:32:29][2a09:bac2:3130:191::28:110] ERROR | Undefined array key "activo" | /homepages/22/d491590459/htdocs/autoexam/app/vistas/admin/usuarios/listar.php:136
[2025-06-20 09:32:29][2a09:bac2:3130:191::28:110] ERROR | Undefined array key "activo" | /homepages/22/d491590459/htdocs/autoexam/app/vistas/admin/usuarios/listar.php:137
[2025-06-20 09:32:34][2a09:bac2:3130:191::28:110] ERROR | Undefined array key "buscar" | /homepages/22/d491590459/htdocs/autoexam/app/vistas/admin/usuarios/listar.php:114
[2025-06-20 09:32:34][2a09:bac2:3130:191::28:110] ERROR | htmlspecialchars(): Passing null to parameter #1 ($string) of type string is deprecated | /homepages/22/d491590459/htdocs/autoexam/app/vistas/admin/usuarios/listar.php:114
[2025-06-20 09:32:34][2a09:bac2:3130:191::28:110] ERROR | Undefined array key "rol" | /homepages/22/d491590459/htdocs/autoexam/app/vistas/admin/usuarios/listar.php:124
[2025-06-20 09:32:34][2a09:bac2:3130:191::28:110] ERROR | Undefined array key "rol" | /homepages/22/d491590459/htdocs/autoexam/app/vistas/admin/usuarios/listar.php:125
[2025-06-20 09:32:34][2a09:bac2:3130:191::28:110] ERROR | Undefined array key "rol" | /homepages/22/d491590459/htdocs/autoexam/app/vistas/admin/usuarios/listar.php:126
[2025-06-20 09:32:34][2a09:bac2:3130:191::28:110] ERROR | Undefined array key "activo" | /homepages/22/d491590459/htdocs/autoexam/app/vistas/admin/usuarios/listar.php:136
[2025-06-20 09:32:34][2a09:bac2:3130:191::28:110] ERROR | Undefined array key "activo" | /homepages/22/d491590459/htdocs/autoexam/app/vistas/admin/usuarios/listar.php:137
[2025-06-20 09:32:46][2a09:bac2:3130:191::28:110] ERROR | Creation of dynamic property InicioControlador::$cursoModelo is deprecated | /homepages/22/d491590459/htdocs/autoexam/app/controladores/inicio_controlador.php:31
[2025-06-20 09:34:07][2a09:bac2:3130:191::28:110] ERROR | session_destroy(): Trying to destroy uninitialized session | /homepages/22/d491590459/htdocs/autoexam/app/utilidades/sesion.php:149
[2025-06-20 09:34:07][2a09:bac2:3130:191::28:110] ERROR | Creation of dynamic property InicioControlador::$cursoModelo is deprecated | /homepages/22/d491590459/htdocs/autoexam/app/controladores/inicio_controlador.php:31
[2025-06-20 09:34:08][2a09:bac2:3130:191::28:110] ERROR | Creation of dynamic property InicioControlador::$cursoModelo is deprecated | /homepages/22/d491590459/htdocs/autoexam/app/controladores/inicio_controlador.php:31
[2025-06-20 09:34:10][2a09:bac2:3130:191::28:110] ERROR | Creation of dynamic property InicioControlador::$cursoModelo is deprecated | /homepages/22/d491590459/htdocs/autoexam/app/controladores/inicio_controlador.php:31
[2025-06-20 09:34:10][2a09:bac2:3130:191::28:110] ERROR | Creation of dynamic property InicioControlador::$cursoModelo is deprecated | /homepages/22/d491590459/htdocs/autoexam/app/controladores/inicio_controlador.php:31
[2025-06-20 09:34:10][2a09:bac2:3130:191::28:110] ERROR | Creation of dynamic property InicioControlador::$cursoModelo is deprecated | /homepages/22/d491590459/htdocs/autoexam/app/controladores/inicio_controlador.php:31
[2025-06-20 09:34:53][2a09:bac2:3130:191::28:110] ERROR | Creation of dynamic property InicioControlador::$cursoModelo is deprecated | /homepages/22/d491590459/htdocs/autoexam/app/controladores/inicio_controlador.php:31
[2025-06-20 09:34:53][2a09:bac2:3130:191::28:110] ERROR | Creation of dynamic property InicioControlador::$cursoModelo is deprecated | /homepages/22/d491590459/htdocs/autoexam/app/controladores/inicio_controlador.php:31
[2025-06-20 09:38:39][2a09:bac2:3130:191::28:110] ERROR | Creation of dynamic property InicioControlador::$cursoModelo is deprecated | /homepages/22/d491590459/htdocs/autoexam/app/controladores/inicio_controlador.php:31
[2025-06-20 09:38:39][2a09:bac2:3130:191::28:110] ERROR | Creation of dynamic property InicioControlador::$cursoModelo is deprecated | /homepages/22/d491590459/htdocs/autoexam/app/controladores/inicio_controlador.php:31
[2025-06-20 09:38:40][2a09:bac2:3130:191::28:110] ERROR | Creation of dynamic property InicioControlador::$cursoModelo is deprecated | /homepages/22/d491590459/htdocs/autoexam/app/controladores/inicio_controlador.php:31
[2025-06-20 09:38:40][2a09:bac2:3130:191::28:110] ERROR | Creation of dynamic property InicioControlador::$cursoModelo is deprecated | /homepages/22/d491590459/htdocs/autoexam/app/controladores/inicio_controlador.php:31
[2025-06-20 09:38:56][2a09:bac2:3130:191::28:110] ERROR | Creation of dynamic property InicioControlador::$cursoModelo is deprecated | /homepages/22/d491590459/htdocs/autoexam/app/controladores/inicio_controlador.php:31
[2025-06-20 09:38:59][2a09:bac2:3130:191::28:110] ERROR | require_once(/homepages/22/d491590459/htdocs/autoexam/app/vistas/perfil/index.php): Failed to open stream: No such file or directory | /homepages/22/d491590459/htdocs/autoexam/app/controladores/perfil_controlador.php:92
[2025-06-20 09:38:59][2a09:bac2:3130:191::28:110] EXCEPCION | Failed opening required '/homepages/22/d491590459/htdocs/autoexam/app/vistas/perfil/index.php' (include_path='.:/usr/lib/php8.4') | /homepages/22/d491590459/htdocs/autoexam/app/controladores/perfil_controlador.php:92
[2025-06-20 09:38:59][2a09:bac2:3130:191::28:110] ERROR | http_response_code(): Cannot set response code - headers already sent (output started at /homepages/22/d491590459/htdocs/autoexam/app/vistas/parciales/head_profesor.php:11) | /homepages/22/d491590459/htdocs/autoexam/app/controladores/ruteador.php:181
[2025-06-20 09:39:03][2a09:bac2:3130:191::28:110] ERROR | Creation of dynamic property InicioControlador::$cursoModelo is deprecated | /homepages/22/d491590459/htdocs/autoexam/app/controladores/inicio_controlador.php:31
[2025-06-20 09:39:03][2a09:bac2:3130:191::28:110] ERROR | Creation of dynamic property InicioControlador::$cursoModelo is deprecated | /homepages/22/d491590459/htdocs/autoexam/app/controladores/inicio_controlador.php:31
[2025-06-20 09:39:08][2a09:bac2:3130:191::28:110] ERROR | Creation of dynamic property InicioControlador::$cursoModelo is deprecated | /homepages/22/d491590459/htdocs/autoexam/app/controladores/inicio_controlador.php:31
[2025-06-20 09:39:22][2a09:bac2:3130:191::28:110] ERROR | Creation of dynamic property InicioControlador::$cursoModelo is deprecated | /homepages/22/d491590459/htdocs/autoexam/app/controladores/inicio_controlador.php:31
[2025-06-20 09:39:22][2a09:bac2:3130:191::28:110] ERROR | Creation of dynamic property InicioControlador::$cursoModelo is deprecated | /homepages/22/d491590459/htdocs/autoexam/app/controladores/inicio_controlador.php:31
[2025-06-20 09:39:22][2a09:bac2:3130:191::28:110] ERROR | Creation of dynamic property InicioControlador::$cursoModelo is deprecated | /homepages/22/d491590459/htdocs/autoexam/app/controladores/inicio_controlador.php:31
[2025-06-20 09:39:27][2a09:bac2:3130:191::28:110] ERROR | Creation of dynamic property InicioControlador::$cursoModelo is deprecated | /homepages/22/d491590459/htdocs/autoexam/app/controladores/inicio_controlador.php:31
[2025-06-20 09:39:29][2a09:bac2:3130:191::28:110] ERROR | Undefined array key "nombre" | /homepages/22/d491590459/htdocs/autoexam/app/vistas/profesor/usuarios/listar.php:26
[2025-06-20 09:39:29][2a09:bac2:3130:191::28:110] ERROR | htmlspecialchars(): Passing null to parameter #1 ($string) of type string is deprecated | /homepages/22/d491590459/htdocs/autoexam/app/vistas/profesor/usuarios/listar.php:26
[2025-06-20 09:39:30][2a09:bac2:3130:191::28:110] ERROR | Creation of dynamic property InicioControlador::$cursoModelo is deprecated | /homepages/22/d491590459/htdocs/autoexam/app/controladores/inicio_controlador.php:31
[2025-06-20 09:39:30][2a09:bac2:3130:191::28:110] ERROR | Creation of dynamic property InicioControlador::$cursoModelo is deprecated | /homepages/22/d491590459/htdocs/autoexam/app/controladores/inicio_controlador.php:31
[2025-06-20 09:39:30][2a09:bac2:3130:191::28:110] ERROR | Creation of dynamic property InicioControlador::$cursoModelo is deprecated | /homepages/22/d491590459/htdocs/autoexam/app/controladores/inicio_controlador.php:31
[2025-06-20 09:39:38][2a09:bac2:3130:191::28:110] ERROR | Undefined array key "nombre" | /homepages/22/d491590459/htdocs/autoexam/app/vistas/profesor/usuarios/listar.php:26
[2025-06-20 09:39:38][2a09:bac2:3130:191::28:110] ERROR | htmlspecialchars(): Passing null to parameter #1 ($string) of type string is deprecated | /homepages/22/d491590459/htdocs/autoexam/app/vistas/profesor/usuarios/listar.php:26
[2025-06-20 09:39:38][2a09:bac2:3130:191::28:110] ERROR | Creation of dynamic property InicioControlador::$cursoModelo is deprecated | /homepages/22/d491590459/htdocs/autoexam/app/controladores/inicio_controlador.php:31
[2025-06-20 09:39:38][2a09:bac2:3130:191::28:110] ERROR | Creation of dynamic property InicioControlador::$cursoModelo is deprecated | /homepages/22/d491590459/htdocs/autoexam/app/controladores/inicio_controlador.php:31
[2025-06-20 09:39:38][2a09:bac2:3130:191::28:110] ERROR | Creation of dynamic property InicioControlador::$cursoModelo is deprecated | /homepages/22/d491590459/htdocs/autoexam/app/controladores/inicio_controlador.php:31
[2025-06-20 09:39:48][2a09:bac2:3130:191::28:110] ERROR | Creation of dynamic property InicioControlador::$cursoModelo is deprecated | /homepages/22/d491590459/htdocs/autoexam/app/controladores/inicio_controlador.php:31
[2025-06-20 09:39:52][2a09:bac2:3130:191::28:110] ERROR | Creation of dynamic property InicioControlador::$cursoModelo is deprecated | /homepages/22/d491590459/htdocs/autoexam/app/controladores/inicio_controlador.php:31
[2025-06-20 09:39:52][2a09:bac2:3130:191::28:110] ERROR | Creation of dynamic property InicioControlador::$cursoModelo is deprecated | /homepages/22/d491590459/htdocs/autoexam/app/controladores/inicio_controlador.php:31
[2025-06-20 09:41:10][2a09:bac2:3130:191::28:110] ERROR | Creation of dynamic property InicioControlador::$cursoModelo is deprecated | /homepages/22/d491590459/htdocs/autoexam/app/controladores/inicio_controlador.php:31
[2025-06-20 09:41:12][2a09:bac2:3130:191::28:110] ERROR | Creation of dynamic property InicioControlador::$cursoModelo is deprecated | /homepages/22/d491590459/htdocs/autoexam/app/controladores/inicio_controlador.php:31
[2025-06-20 09:41:14][2a09:bac2:3130:191::28:110] ERROR | Creation of dynamic property InicioControlador::$cursoModelo is deprecated | /homepages/22/d491590459/htdocs/autoexam/app/controladores/inicio_controlador.php:31
[2025-06-20 09:41:14][2a09:bac2:3130:191::28:110] ERROR | Creation of dynamic property InicioControlador::$cursoModelo is deprecated | /homepages/22/d491590459/htdocs/autoexam/app/controladores/inicio_controlador.php:31
[2025-06-20 09:41:16][2a09:bac2:3130:191::28:110] ERROR | Creation of dynamic property InicioControlador::$cursoModelo is deprecated | /homepages/22/d491590459/htdocs/autoexam/app/controladores/inicio_controlador.php:31
[2025-06-20 09:41:16][2a09:bac2:3130:191::28:110] ERROR | Creation of dynamic property InicioControlador::$cursoModelo is deprecated | /homepages/22/d491590459/htdocs/autoexam/app/controladores/inicio_controlador.php:31
[2025-06-20 09:41:20][2a09:bac2:3130:191::28:110] ERROR | Creation of dynamic property InicioControlador::$cursoModelo is deprecated | /homepages/22/d491590459/htdocs/autoexam/app/controladores/inicio_controlador.php:31
[2025-06-20 09:41:22][2a09:bac2:3130:191::28:110] ERROR | Creation of dynamic property InicioControlador::$cursoModelo is deprecated | /homepages/22/d491590459/htdocs/autoexam/app/controladores/inicio_controlador.php:31
[2025-06-20 09:41:22][2a09:bac2:3130:191::28:110] ERROR | Creation of dynamic property InicioControlador::$cursoModelo is deprecated | /homepages/22/d491590459/htdocs/autoexam/app/controladores/inicio_controlador.php:31
[2025-06-20 09:47:25][2a09:bac2:3130:191::28:110] ERROR | Creation of dynamic property InicioControlador::$cursoModelo is deprecated | /homepages/22/d491590459/htdocs/autoexam/app/controladores/inicio_controlador.php:31
[2025-06-20 09:47:25][2a09:bac2:3130:191::28:110] ERROR | Creation of dynamic property InicioControlador::$cursoModelo is deprecated | /homepages/22/d491590459/htdocs/autoexam/app/controladores/inicio_controlador.php:31
[2025-06-20 09:47:40][2a09:bac2:3130:191::28:110] ERROR | Creation of dynamic property InicioControlador::$cursoModelo is deprecated | /homepages/22/d491590459/htdocs/autoexam/app/controladores/inicio_controlador.php:31
[2025-06-20 09:47:44][2a09:bac2:3130:191::28:110] ERROR | Creation of dynamic property InicioControlador::$cursoModelo is deprecated | /homepages/22/d491590459/htdocs/autoexam/app/controladores/inicio_controlador.php:31
[2025-06-20 09:47:47][2a09:bac2:3130:191::28:110] ERROR | Creation of dynamic property InicioControlador::$cursoModelo is deprecated | /homepages/22/d491590459/htdocs/autoexam/app/controladores/inicio_controlador.php:31
[2025-06-20 09:47:47][2a09:bac2:3130:191::28:110] ERROR | Creation of dynamic property InicioControlador::$cursoModelo is deprecated | /homepages/22/d491590459/htdocs/autoexam/app/controladores/inicio_controlador.php:31
[2025-06-20 09:49:12][2a09:bac2:3130:191::28:110] ERROR | Creation of dynamic property InicioControlador::$cursoModelo is deprecated | /homepages/22/d491590459/htdocs/autoexam/app/controladores/inicio_controlador.php:31
[2025-06-20 09:49:17][2a09:bac2:3130:191::28:110] ERROR | session_destroy(): Trying to destroy uninitialized session | /homepages/22/d491590459/htdocs/autoexam/app/utilidades/sesion.php:149
[2025-06-20 09:49:17][2a09:bac2:3130:191::28:110] ERROR | Creation of dynamic property InicioControlador::$cursoModelo is deprecated | /homepages/22/d491590459/htdocs/autoexam/app/controladores/inicio_controlador.php:31
[2025-06-20 09:55:37][2a09:bac2:3130:191::28:110] ERROR | Creation of dynamic property InicioControlador::$cursoModelo is deprecated | /homepages/22/d491590459/htdocs/autoexam/app/controladores/inicio_controlador.php:31
[2025-06-20 09:55:39][2a09:bac2:3130:191::28:110] ERROR | Creation of dynamic property InicioControlador::$cursoModelo is deprecated | /homepages/22/d491590459/htdocs/autoexam/app/controladores/inicio_controlador.php:31
[2025-06-20 09:57:17][2a09:bac2:3130:191::28:110] ERROR | Creation of dynamic property InicioControlador::$cursoModelo is deprecated | /homepages/22/d491590459/htdocs/autoexam/app/controladores/inicio_controlador.php:31
[2025-06-20 09:57:22][2a09:bac2:3130:191::28:110] ERROR | Undefined array key "buscar" | /homepages/22/d491590459/htdocs/autoexam/app/vistas/admin/usuarios/listar.php:114
[2025-06-20 09:57:22][2a09:bac2:3130:191::28:110] ERROR | htmlspecialchars(): Passing null to parameter #1 ($string) of type string is deprecated | /homepages/22/d491590459/htdocs/autoexam/app/vistas/admin/usuarios/listar.php:114
[2025-06-20 09:57:22][2a09:bac2:3130:191::28:110] ERROR | Undefined array key "activo" | /homepages/22/d491590459/htdocs/autoexam/app/vistas/admin/usuarios/listar.php:136
[2025-06-20 09:57:22][2a09:bac2:3130:191::28:110] ERROR | Undefined array key "activo" | /homepages/22/d491590459/htdocs/autoexam/app/vistas/admin/usuarios/listar.php:137
[2025-06-20 09:57:26][2a09:bac2:3130:191::28:110] ERROR | Creation of dynamic property InicioControlador::$cursoModelo is deprecated | /homepages/22/d491590459/htdocs/autoexam/app/controladores/inicio_controlador.php:31
[2025-06-20 09:57:37][2a09:bac2:3130:191::28:110] ERROR | Creation of dynamic property InicioControlador::$cursoModelo is deprecated | /homepages/22/d491590459/htdocs/autoexam/app/controladores/inicio_controlador.php:31
[2025-06-20 09:57:41][2a09:bac2:3130:191::28:110] ERROR | Creation of dynamic property InicioControlador::$cursoModelo is deprecated | /homepages/22/d491590459/htdocs/autoexam/app/controladores/inicio_controlador.php:31
[2025-06-20 09:57:45][2a09:bac2:3130:191::28:110] ERROR | Creation of dynamic property InicioControlador::$cursoModelo is deprecated | /homepages/22/d491590459/htdocs/autoexam/app/controladores/inicio_controlador.php:31
[2025-06-20 09:57:50][2a09:bac2:3130:191::28:110] ERROR | Creation of dynamic property InicioControlador::$cursoModelo is deprecated | /homepages/22/d491590459/htdocs/autoexam/app/controladores/inicio_controlador.php:31
[2025-06-20 09:57:55][2a09:bac2:3130:191::28:110] ERROR | Creation of dynamic property InicioControlador::$cursoModelo is deprecated | /homepages/22/d491590459/htdocs/autoexam/app/controladores/inicio_controlador.php:31
[2025-06-20 09:57:57][2a09:bac2:3130:191::28:110] ERROR | Creation of dynamic property InicioControlador::$cursoModelo is deprecated | /homepages/22/d491590459/htdocs/autoexam/app/controladores/inicio_controlador.php:31
[2025-06-20 09:58:00][2a09:bac2:3130:191::28:110] ERROR | Creation of dynamic property InicioControlador::$cursoModelo is deprecated | /homepages/22/d491590459/htdocs/autoexam/app/controladores/inicio_controlador.php:31
[2025-06-20 10:01:00][2a09:bac2:3130:191::28:110] EXCEPCION | Class "Curso" not found | /homepages/22/d491590459/htdocs/autoexam/app/controladores/inicio_controlador.php:31
[2025-06-20 10:01:01][2a09:bac2:3130:191::28:110] EXCEPCION | Class "Usuario" not found | /homepages/22/d491590459/htdocs/autoexam/app/controladores/inicio_controlador.php:26
[2025-06-20 10:01:02][2a09:bac2:3130:191::28:110] ERROR | Creation of dynamic property InicioControlador::$cursoModelo is deprecated | /homepages/22/d491590459/htdocs/autoexam/app/controladores/inicio_controlador.php:31
[2025-06-20 10:03:00][2a09:bac2:3130:191::28:110] ERROR | Creation of dynamic property InicioControlador::$cursoModelo is deprecated | /homepages/22/d491590459/htdocs/autoexam/app/controladores/inicio_controlador.php:31
[2025-06-20 10:03:05][2a09:bac2:3130:191::28:110] ERROR | Undefined array key "buscar" | /homepages/22/d491590459/htdocs/autoexam/app/vistas/admin/usuarios/listar.php:114
[2025-06-20 10:03:05][2a09:bac2:3130:191::28:110] ERROR | htmlspecialchars(): Passing null to parameter #1 ($string) of type string is deprecated | /homepages/22/d491590459/htdocs/autoexam/app/vistas/admin/usuarios/listar.php:114
[2025-06-20 10:03:05][2a09:bac2:3130:191::28:110] ERROR | Undefined array key "activo" | /homepages/22/d491590459/htdocs/autoexam/app/vistas/admin/usuarios/listar.php:136
[2025-06-20 10:03:05][2a09:bac2:3130:191::28:110] ERROR | Undefined array key "activo" | /homepages/22/d491590459/htdocs/autoexam/app/vistas/admin/usuarios/listar.php:137
[2025-06-20 10:03:06][2a09:bac2:3130:191::28:110] ERROR | Creation of dynamic property InicioControlador::$cursoModelo is deprecated | /homepages/22/d491590459/htdocs/autoexam/app/controladores/inicio_controlador.php:31
[2025-06-20 10:03:14][2a09:bac2:3130:191::28:110] ERROR | Creation of dynamic property InicioControlador::$cursoModelo is deprecated | /homepages/22/d491590459/htdocs/autoexam/app/controladores/inicio_controlador.php:31
[2025-06-20 10:05:19][2a09:bac2:3130:191::28:110] ERROR | Undefined array key "buscar" | /homepages/22/d491590459/htdocs/autoexam/app/vistas/admin/usuarios/listar.php:114
[2025-06-20 10:05:19][2a09:bac2:3130:191::28:110] ERROR | htmlspecialchars(): Passing null to parameter #1 ($string) of type string is deprecated | /homepages/22/d491590459/htdocs/autoexam/app/vistas/admin/usuarios/listar.php:114
[2025-06-20 10:05:19][2a09:bac2:3130:191::28:110] ERROR | Undefined array key "rol" | /homepages/22/d491590459/htdocs/autoexam/app/vistas/admin/usuarios/listar.php:124
[2025-06-20 10:05:19][2a09:bac2:3130:191::28:110] ERROR | Undefined array key "rol" | /homepages/22/d491590459/htdocs/autoexam/app/vistas/admin/usuarios/listar.php:125
[2025-06-20 10:05:19][2a09:bac2:3130:191::28:110] ERROR | Undefined array key "rol" | /homepages/22/d491590459/htdocs/autoexam/app/vistas/admin/usuarios/listar.php:126
[2025-06-20 10:05:19][2a09:bac2:3130:191::28:110] ERROR | Undefined array key "activo" | /homepages/22/d491590459/htdocs/autoexam/app/vistas/admin/usuarios/listar.php:136
[2025-06-20 10:05:19][2a09:bac2:3130:191::28:110] ERROR | Undefined array key "activo" | /homepages/22/d491590459/htdocs/autoexam/app/vistas/admin/usuarios/listar.php:137
[2025-06-20 10:05:24][2a09:bac2:3130:191::28:110] ERROR | Creation of dynamic property InicioControlador::$cursoModelo is deprecated | /homepages/22/d491590459/htdocs/autoexam/app/controladores/inicio_controlador.php:31
[2025-06-20 10:05:26][2a09:bac2:3130:191::28:110] ERROR | Creation of dynamic property InicioControlador::$cursoModelo is deprecated | /homepages/22/d491590459/htdocs/autoexam/app/controladores/inicio_controlador.php:31
[2025-06-20 10:05:57][2a09:bac2:3130:191::28:110] ERROR | Creation of dynamic property InicioControlador::$cursoModelo is deprecated | /homepages/22/d491590459/htdocs/autoexam/app/controladores/inicio_controlador.php:31
[2025-06-20 10:06:02][2a09:bac2:3130:191::28:110] ERROR | Creation of dynamic property InicioControlador::$cursoModelo is deprecated | /homepages/22/d491590459/htdocs/autoexam/app/controladores/inicio_controlador.php:31
[2025-06-20 10:06:04][2a09:bac2:3130:191::28:110] ERROR | Creation of dynamic property InicioControlador::$cursoModelo is deprecated | /homepages/22/d491590459/htdocs/autoexam/app/controladores/inicio_controlador.php:31
[2025-06-20 10:06:06][2a09:bac2:3130:191::28:110] ERROR | Undefined array key "buscar" | /homepages/22/d491590459/htdocs/autoexam/app/vistas/admin/usuarios/listar.php:114
[2025-06-20 10:06:06][2a09:bac2:3130:191::28:110] ERROR | htmlspecialchars(): Passing null to parameter #1 ($string) of type string is deprecated | /homepages/22/d491590459/htdocs/autoexam/app/vistas/admin/usuarios/listar.php:114
[2025-06-20 10:06:06][2a09:bac2:3130:191::28:110] ERROR | Undefined array key "activo" | /homepages/22/d491590459/htdocs/autoexam/app/vistas/admin/usuarios/listar.php:136
[2025-06-20 10:06:06][2a09:bac2:3130:191::28:110] ERROR | Undefined array key "activo" | /homepages/22/d491590459/htdocs/autoexam/app/vistas/admin/usuarios/listar.php:137
[2025-06-20 10:06:16][2a09:bac2:3130:191::28:110] ERROR | Undefined array key "buscar" | /homepages/22/d491590459/htdocs/autoexam/app/vistas/admin/usuarios/listar.php:114
[2025-06-20 10:06:16][2a09:bac2:3130:191::28:110] ERROR | htmlspecialchars(): Passing null to parameter #1 ($string) of type string is deprecated | /homepages/22/d491590459/htdocs/autoexam/app/vistas/admin/usuarios/listar.php:114
[2025-06-20 10:06:16][2a09:bac2:3130:191::28:110] ERROR | Undefined array key "activo" | /homepages/22/d491590459/htdocs/autoexam/app/vistas/admin/usuarios/listar.php:136
[2025-06-20 10:06:16][2a09:bac2:3130:191::28:110] ERROR | Undefined array key "activo" | /homepages/22/d491590459/htdocs/autoexam/app/vistas/admin/usuarios/listar.php:137
[2025-06-20 10:06:23][2a09:bac2:3130:191::28:110] ERROR | Creation of dynamic property InicioControlador::$cursoModelo is deprecated | /homepages/22/d491590459/htdocs/autoexam/app/controladores/inicio_controlador.php:31
[2025-06-20 10:06:27][2a09:bac2:3130:191::28:110] ERROR | Creation of dynamic property InicioControlador::$cursoModelo is deprecated | /homepages/22/d491590459/htdocs/autoexam/app/controladores/inicio_controlador.php:31
[2025-06-20 10:06:31][2a09:bac2:3130:191::28:110] ERROR | Creation of dynamic property InicioControlador::$cursoModelo is deprecated | /homepages/22/d491590459/htdocs/autoexam/app/controladores/inicio_controlador.php:31
[2025-06-20 10:06:35][2a09:bac2:3130:191::28:110] ERROR | Creation of dynamic property InicioControlador::$cursoModelo is deprecated | /homepages/22/d491590459/htdocs/autoexam/app/controladores/inicio_controlador.php:31
[2025-06-20 10:07:45][2a09:bac2:3130:191::28:110] ERROR | Undefined array key "buscar" | /homepages/22/d491590459/htdocs/autoexam/app/vistas/admin/usuarios/listar.php:114
[2025-06-20 10:07:45][2a09:bac2:3130:191::28:110] ERROR | htmlspecialchars(): Passing null to parameter #1 ($string) of type string is deprecated | /homepages/22/d491590459/htdocs/autoexam/app/vistas/admin/usuarios/listar.php:114
[2025-06-20 10:07:45][2a09:bac2:3130:191::28:110] ERROR | Undefined array key "rol" | /homepages/22/d491590459/htdocs/autoexam/app/vistas/admin/usuarios/listar.php:124
[2025-06-20 10:07:45][2a09:bac2:3130:191::28:110] ERROR | Undefined array key "rol" | /homepages/22/d491590459/htdocs/autoexam/app/vistas/admin/usuarios/listar.php:125
[2025-06-20 10:07:45][2a09:bac2:3130:191::28:110] ERROR | Undefined array key "rol" | /homepages/22/d491590459/htdocs/autoexam/app/vistas/admin/usuarios/listar.php:126
[2025-06-20 10:07:45][2a09:bac2:3130:191::28:110] ERROR | Undefined array key "activo" | /homepages/22/d491590459/htdocs/autoexam/app/vistas/admin/usuarios/listar.php:136
[2025-06-20 10:07:45][2a09:bac2:3130:191::28:110] ERROR | Undefined array key "activo" | /homepages/22/d491590459/htdocs/autoexam/app/vistas/admin/usuarios/listar.php:137
[2025-06-20 10:08:23][2a09:bac2:3130:191::28:110] ERROR | Undefined array key "buscar" | /homepages/22/d491590459/htdocs/autoexam/app/vistas/admin/usuarios/listar.php:114
[2025-06-20 10:08:23][2a09:bac2:3130:191::28:110] ERROR | htmlspecialchars(): Passing null to parameter #1 ($string) of type string is deprecated | /homepages/22/d491590459/htdocs/autoexam/app/vistas/admin/usuarios/listar.php:114
[2025-06-20 10:08:23][2a09:bac2:3130:191::28:110] ERROR | Undefined array key "activo" | /homepages/22/d491590459/htdocs/autoexam/app/vistas/admin/usuarios/listar.php:136
[2025-06-20 10:08:23][2a09:bac2:3130:191::28:110] ERROR | Undefined array key "activo" | /homepages/22/d491590459/htdocs/autoexam/app/vistas/admin/usuarios/listar.php:137
[2025-06-20 10:09:09][2a09:bac2:3130:191::28:110] ERROR | Undefined array key "buscar" | /homepages/22/d491590459/htdocs/autoexam/app/vistas/admin/usuarios/listar.php:114
[2025-06-20 10:09:09][2a09:bac2:3130:191::28:110] ERROR | htmlspecialchars(): Passing null to parameter #1 ($string) of type string is deprecated | /homepages/22/d491590459/htdocs/autoexam/app/vistas/admin/usuarios/listar.php:114
[2025-06-20 10:09:09][2a09:bac2:3130:191::28:110] ERROR | Undefined array key "rol" | /homepages/22/d491590459/htdocs/autoexam/app/vistas/admin/usuarios/listar.php:124
[2025-06-20 10:09:09][2a09:bac2:3130:191::28:110] ERROR | Undefined array key "rol" | /homepages/22/d491590459/htdocs/autoexam/app/vistas/admin/usuarios/listar.php:125
[2025-06-20 10:09:09][2a09:bac2:3130:191::28:110] ERROR | Undefined array key "rol" | /homepages/22/d491590459/htdocs/autoexam/app/vistas/admin/usuarios/listar.php:126
[2025-06-20 10:09:09][2a09:bac2:3130:191::28:110] ERROR | Undefined array key "activo" | /homepages/22/d491590459/htdocs/autoexam/app/vistas/admin/usuarios/listar.php:136
[2025-06-20 10:09:09][2a09:bac2:3130:191::28:110] ERROR | Undefined array key "activo" | /homepages/22/d491590459/htdocs/autoexam/app/vistas/admin/usuarios/listar.php:137
[2025-06-20 10:09:27][2a09:bac2:3130:191::28:110] ERROR | Creation of dynamic property InicioControlador::$cursoModelo is deprecated | /homepages/22/d491590459/htdocs/autoexam/app/controladores/inicio_controlador.php:31
[2025-06-20 10:10:54][2a09:bac2:3130:191::28:110] ERROR | Undefined array key "buscar" | /homepages/22/d491590459/htdocs/autoexam/app/vistas/admin/usuarios/listar.php:114
[2025-06-20 10:10:54][2a09:bac2:3130:191::28:110] ERROR | htmlspecialchars(): Passing null to parameter #1 ($string) of type string is deprecated | /homepages/22/d491590459/htdocs/autoexam/app/vistas/admin/usuarios/listar.php:114
[2025-06-20 10:10:54][2a09:bac2:3130:191::28:110] ERROR | Undefined array key "rol" | /homepages/22/d491590459/htdocs/autoexam/app/vistas/admin/usuarios/listar.php:124
[2025-06-20 10:10:54][2a09:bac2:3130:191::28:110] ERROR | Undefined array key "rol" | /homepages/22/d491590459/htdocs/autoexam/app/vistas/admin/usuarios/listar.php:125
[2025-06-20 10:10:54][2a09:bac2:3130:191::28:110] ERROR | Undefined array key "rol" | /homepages/22/d491590459/htdocs/autoexam/app/vistas/admin/usuarios/listar.php:126
[2025-06-20 10:10:54][2a09:bac2:3130:191::28:110] ERROR | Undefined array key "activo" | /homepages/22/d491590459/htdocs/autoexam/app/vistas/admin/usuarios/listar.php:136
[2025-06-20 10:10:54][2a09:bac2:3130:191::28:110] ERROR | Undefined array key "activo" | /homepages/22/d491590459/htdocs/autoexam/app/vistas/admin/usuarios/listar.php:137
[2025-06-20 10:10:57][2a09:bac2:3130:191::28:110] ERROR | Undefined array key "buscar" | /homepages/22/d491590459/htdocs/autoexam/app/vistas/admin/usuarios/listar.php:114
[2025-06-20 10:10:57][2a09:bac2:3130:191::28:110] ERROR | htmlspecialchars(): Passing null to parameter #1 ($string) of type string is deprecated | /homepages/22/d491590459/htdocs/autoexam/app/vistas/admin/usuarios/listar.php:114
[2025-06-20 10:10:57][2a09:bac2:3130:191::28:110] ERROR | Undefined array key "activo" | /homepages/22/d491590459/htdocs/autoexam/app/vistas/admin/usuarios/listar.php:136
[2025-06-20 10:10:57][2a09:bac2:3130:191::28:110] ERROR | Undefined array key "activo" | /homepages/22/d491590459/htdocs/autoexam/app/vistas/admin/usuarios/listar.php:137
[2025-06-20 10:11:00][2a09:bac2:3130:191::28:110] ERROR | Undefined array key "buscar" | /homepages/22/d491590459/htdocs/autoexam/app/vistas/admin/usuarios/listar.php:114
[2025-06-20 10:11:00][2a09:bac2:3130:191::28:110] ERROR | htmlspecialchars(): Passing null to parameter #1 ($string) of type string is deprecated | /homepages/22/d491590459/htdocs/autoexam/app/vistas/admin/usuarios/listar.php:114
[2025-06-20 10:11:00][2a09:bac2:3130:191::28:110] ERROR | Undefined array key "activo" | /homepages/22/d491590459/htdocs/autoexam/app/vistas/admin/usuarios/listar.php:136
[2025-06-20 10:11:00][2a09:bac2:3130:191::28:110] ERROR | Undefined array key "activo" | /homepages/22/d491590459/htdocs/autoexam/app/vistas/admin/usuarios/listar.php:137
[2025-06-20 10:11:05][2a09:bac2:3130:191::28:110] ERROR | Undefined array key "buscar" | /homepages/22/d491590459/htdocs/autoexam/app/vistas/admin/usuarios/listar.php:114
[2025-06-20 10:11:05][2a09:bac2:3130:191::28:110] ERROR | htmlspecialchars(): Passing null to parameter #1 ($string) of type string is deprecated | /homepages/22/d491590459/htdocs/autoexam/app/vistas/admin/usuarios/listar.php:114
[2025-06-20 10:11:05][2a09:bac2:3130:191::28:110] ERROR | Undefined array key "activo" | /homepages/22/d491590459/htdocs/autoexam/app/vistas/admin/usuarios/listar.php:136
[2025-06-20 10:11:05][2a09:bac2:3130:191::28:110] ERROR | Undefined array key "activo" | /homepages/22/d491590459/htdocs/autoexam/app/vistas/admin/usuarios/listar.php:137
[2025-06-20 10:11:08][2a09:bac2:3130:191::28:110] ERROR | Undefined array key "buscar" | /homepages/22/d491590459/htdocs/autoexam/app/vistas/admin/usuarios/listar.php:114
[2025-06-20 10:11:08][2a09:bac2:3130:191::28:110] ERROR | htmlspecialchars(): Passing null to parameter #1 ($string) of type string is deprecated | /homepages/22/d491590459/htdocs/autoexam/app/vistas/admin/usuarios/listar.php:114
[2025-06-20 10:11:08][2a09:bac2:3130:191::28:110] ERROR | Undefined array key "rol" | /homepages/22/d491590459/htdocs/autoexam/app/vistas/admin/usuarios/listar.php:124
[2025-06-20 10:11:08][2a09:bac2:3130:191::28:110] ERROR | Undefined array key "rol" | /homepages/22/d491590459/htdocs/autoexam/app/vistas/admin/usuarios/listar.php:125
[2025-06-20 10:11:08][2a09:bac2:3130:191::28:110] ERROR | Undefined array key "rol" | /homepages/22/d491590459/htdocs/autoexam/app/vistas/admin/usuarios/listar.php:126
[2025-06-20 10:11:08][2a09:bac2:3130:191::28:110] ERROR | Undefined array key "activo" | /homepages/22/d491590459/htdocs/autoexam/app/vistas/admin/usuarios/listar.php:136
[2025-06-20 10:11:08][2a09:bac2:3130:191::28:110] ERROR | Undefined array key "activo" | /homepages/22/d491590459/htdocs/autoexam/app/vistas/admin/usuarios/listar.php:137
[2025-06-20 10:11:23][2a09:bac2:3130:191::28:110] ERROR | Creation of dynamic property InicioControlador::$cursoModelo is deprecated | /homepages/22/d491590459/htdocs/autoexam/app/controladores/inicio_controlador.php:31
[2025-06-20 10:13:39][2a09:bac2:3130:191::28:110] EXCEPCION | Clase de controlador no encontrada: InicioControlador | /homepages/22/d491590459/htdocs/autoexam/app/controladores/ruteador.php:68
[2025-06-20 10:13:40][2a09:bac2:3130:191::28:110] ERROR | Creation of dynamic property InicioControlador::$cursoModelo is deprecated | /homepages/22/d491590459/htdocs/autoexam/app/controladores/inicio_controlador.php:31
[2025-06-20 10:13:41][2a09:bac2:3130:191::28:110] ERROR | Creation of dynamic property InicioControlador::$cursoModelo is deprecated | /homepages/22/d491590459/htdocs/autoexam/app/controladores/inicio_controlador.php:31
[2025-06-20 10:13:44][2a09:bac2:3130:191::28:110] ERROR | Creation of dynamic property InicioControlador::$cursoModelo is deprecated | /homepages/22/d491590459/htdocs/autoexam/app/controladores/inicio_controlador.php:31
[2025-06-20 10:14:21][2a09:bac2:3130:191::28:110] ERROR | Creation of dynamic property InicioControlador::$cursoModelo is deprecated | /homepages/22/d491590459/htdocs/autoexam/app/controladores/inicio_controlador.php:31
[2025-06-20 10:14:23][2a09:bac2:3130:191::28:110] ERROR | Creation of dynamic property InicioControlador::$cursoModelo is deprecated | /homepages/22/d491590459/htdocs/autoexam/app/controladores/inicio_controlador.php:31
[2025-06-20 10:14:25][2a09:bac2:3130:191::28:110] ERROR | Creation of dynamic property InicioControlador::$cursoModelo is deprecated | /homepages/22/d491590459/htdocs/autoexam/app/controladores/inicio_controlador.php:31
[2025-06-20 10:14:27][2a09:bac2:3130:191::28:110] ERROR | Creation of dynamic property InicioControlador::$cursoModelo is deprecated | /homepages/22/d491590459/htdocs/autoexam/app/controladores/inicio_controlador.php:31
[2025-06-20 10:15:21][2a09:bac2:3130:191::28:110] EXCEPCION | Cannot access private property RegistroActividad::$conexion | /homepages/22/d491590459/htdocs/autoexam/app/controladores/actividad_controlador.php:81
[2025-06-20 10:15:22][2a09:bac2:3130:191::28:110] EXCEPCION | Cannot access private property RegistroActividad::$conexion | /homepages/22/d491590459/htdocs/autoexam/app/controladores/actividad_controlador.php:81
[2025-06-20 10:15:22][2a09:bac2:3130:191::28:110] EXCEPCION | Cannot access private property RegistroActividad::$conexion | /homepages/22/d491590459/htdocs/autoexam/app/controladores/actividad_controlador.php:81
[2025-06-20 10:15:23][2a09:bac2:3130:191::28:110] EXCEPCION | Cannot access private property RegistroActividad::$conexion | /homepages/22/d491590459/htdocs/autoexam/app/controladores/actividad_controlador.php:81
[2025-06-20 10:15:25][2a09:bac2:3130:191::28:110] EXCEPCION | Cannot access private property RegistroActividad::$conexion | /homepages/22/d491590459/htdocs/autoexam/app/controladores/actividad_controlador.php:81
[2025-06-20 10:15:27][2a09:bac2:3130:191::28:110] ERROR | Creation of dynamic property InicioControlador::$cursoModelo is deprecated | /homepages/22/d491590459/htdocs/autoexam/app/controladores/inicio_controlador.php:31
[2025-06-20 10:15:30][2a09:bac2:3130:191::28:110] ERROR | Creation of dynamic property InicioControlador::$cursoModelo is deprecated | /homepages/22/d491590459/htdocs/autoexam/app/controladores/inicio_controlador.php:31
[2025-06-20 10:15:30][2a09:bac2:3130:191::28:110] ERROR | Creation of dynamic property InicioControlador::$cursoModelo is deprecated | /homepages/22/d491590459/htdocs/autoexam/app/controladores/inicio_controlador.php:31
[2025-06-20 10:15:32][2a09:bac2:3130:191::28:110] EXCEPCION | Cannot access private property RegistroActividad::$conexion | /homepages/22/d491590459/htdocs/autoexam/app/controladores/actividad_controlador.php:81
[2025-06-20 10:15:34][2a09:bac2:3130:191::28:110] ERROR | Creation of dynamic property InicioControlador::$cursoModelo is deprecated | /homepages/22/d491590459/htdocs/autoexam/app/controladores/inicio_controlador.php:31
[2025-06-20 10:16:10][2a09:bac2:3130:191::28:110] ERROR | Creation of dynamic property InicioControlador::$cursoModelo is deprecated | /homepages/22/d491590459/htdocs/autoexam/app/controladores/inicio_controlador.php:31
[2025-06-20 10:16:11][2a09:bac2:3130:191::28:110] ERROR | Creation of dynamic property InicioControlador::$cursoModelo is deprecated | /homepages/22/d491590459/htdocs/autoexam/app/controladores/inicio_controlador.php:31
[2025-06-20 10:16:12][2a09:bac2:3130:191::28:110] EXCEPCION | Class "Usuario" not found | /homepages/22/d491590459/htdocs/autoexam/app/controladores/inicio_controlador.php:26
[2025-06-20 10:16:13][2a09:bac2:3130:191::28:110] ERROR | Creation of dynamic property InicioControlador::$cursoModelo is deprecated | /homepages/22/d491590459/htdocs/autoexam/app/controladores/inicio_controlador.php:31
[2025-06-20 10:16:38][2a09:bac2:3130:191::28:110] ERROR | Creation of dynamic property InicioControlador::$cursoModelo is deprecated | /homepages/22/d491590459/htdocs/autoexam/app/controladores/inicio_controlador.php:31
[2025-06-20 10:16:54][2a09:bac2:3130:191::28:110] ERROR | Creation of dynamic property InicioControlador::$cursoModelo is deprecated | /homepages/22/d491590459/htdocs/autoexam/app/controladores/inicio_controlador.php:31
[2025-06-20 10:16:56][2a09:bac2:3130:191::28:110] ERROR | Creation of dynamic property InicioControlador::$cursoModelo is deprecated | /homepages/22/d491590459/htdocs/autoexam/app/controladores/inicio_controlador.php:31
[2025-06-20 10:16:56][2a09:bac2:3130:191::28:110] ERROR | Creation of dynamic property InicioControlador::$cursoModelo is deprecated | /homepages/22/d491590459/htdocs/autoexam/app/controladores/inicio_controlador.php:31
[2025-06-20 10:16:57][2a09:bac2:3130:191::28:110] ERROR | Creation of dynamic property InicioControlador::$cursoModelo is deprecated | /homepages/22/d491590459/htdocs/autoexam/app/controladores/inicio_controlador.php:31
[2025-06-20 10:18:08][2a09:bac2:3130:191::28:110] ERROR | Creation of dynamic property InicioControlador::$cursoModelo is deprecated | /homepages/22/d491590459/htdocs/autoexam/app/controladores/inicio_controlador.php:31
[2025-06-20 10:18:09][2a09:bac2:3130:191::28:110] ERROR | Creation of dynamic property InicioControlador::$cursoModelo is deprecated | /homepages/22/d491590459/htdocs/autoexam/app/controladores/inicio_controlador.php:31
[2025-06-20 10:18:14][2a09:bac2:3130:191::28:110] ERROR | Creation of dynamic property InicioControlador::$cursoModelo is deprecated | /homepages/22/d491590459/htdocs/autoexam/app/controladores/inicio_controlador.php:31
[2025-06-20 10:29:44][2a09:bac2:3130:191::28:110] ERROR | Creation of dynamic property InicioControlador::$cursoModelo is deprecated | /homepages/22/d491590459/htdocs/autoexam/app/controladores/inicio_controlador.php:31
[2025-06-20 10:29:45][2a09:bac2:3130:191::28:110] ERROR | Creation of dynamic property InicioControlador::$cursoModelo is deprecated | /homepages/22/d491590459/htdocs/autoexam/app/controladores/inicio_controlador.php:31
[2025-06-20 10:30:14][2a09:bac2:3130:191::28:110] ERROR | Creation of dynamic property InicioControlador::$cursoModelo is deprecated | /homepages/22/d491590459/htdocs/autoexam/app/controladores/inicio_controlador.php:31
[2025-06-20 10:30:15][2a09:bac2:3130:191::28:110] EXCEPCION | Class "Sesion" not found | /homepages/22/d491590459/htdocs/autoexam/app/controladores/inicio_controlador.php:22
[2025-06-20 10:30:17][2a09:bac2:3130:191::28:110] ERROR | Creation of dynamic property InicioControlador::$cursoModelo is deprecated | /homepages/22/d491590459/htdocs/autoexam/app/controladores/inicio_controlador.php:31
[2025-06-20 10:30:18][2a09:bac2:3130:191::28:110] ERROR | Creation of dynamic property InicioControlador::$cursoModelo is deprecated | /homepages/22/d491590459/htdocs/autoexam/app/controladores/inicio_controlador.php:31
[2025-06-20 10:31:33][2a09:bac2:3130:191::28:110] ERROR | Creation of dynamic property InicioControlador::$cursoModelo is deprecated | /homepages/22/d491590459/htdocs/autoexam/app/controladores/inicio_controlador.php:31
[2025-06-20 10:31:34][2a09:bac2:3130:191::28:110] ERROR | Creation of dynamic property InicioControlador::$cursoModelo is deprecated | /homepages/22/d491590459/htdocs/autoexam/app/controladores/inicio_controlador.php:31
[2025-06-20 10:36:03][2a09:bac2:3130:191::28:110] EXCEPCION | Class "Sesion" not found | /homepages/22/d491590459/htdocs/autoexam/app/controladores/inicio_controlador.php:22
[2025-06-20 10:36:04][2a09:bac2:3130:191::28:110] EXCEPCION | Clase de controlador no encontrada: InicioControlador | /homepages/22/d491590459/htdocs/autoexam/app/controladores/ruteador.php:68
[2025-06-20 10:36:06][2a09:bac2:3130:191::28:110] EXCEPCION | Class "SesionActiva" not found | /homepages/22/d491590459/htdocs/autoexam/app/utilidades/sesion.php:23
[2025-06-20 10:36:06][2a09:bac2:3130:191::28:110] EXCEPCION | Class "Usuario" not found | /homepages/22/d491590459/htdocs/autoexam/app/controladores/inicio_controlador.php:26
[2025-06-20 10:36:09][2a09:bac2:3130:191::28:110] ERROR | Creation of dynamic property InicioControlador::$cursoModelo is deprecated | /homepages/22/d491590459/htdocs/autoexam/app/controladores/inicio_controlador.php:31
[2025-06-20 10:36:12][2a09:bac2:3130:191::28:110] ERROR | Creation of dynamic property InicioControlador::$cursoModelo is deprecated | /homepages/22/d491590459/htdocs/autoexam/app/controladores/inicio_controlador.php:31
[2025-06-20 10:36:15][2a09:bac2:3130:191::28:110] ERROR | Creation of dynamic property InicioControlador::$cursoModelo is deprecated | /homepages/22/d491590459/htdocs/autoexam/app/controladores/inicio_controlador.php:31
[2025-06-20 10:36:16][2a09:bac2:3130:191::28:110] ERROR | Creation of dynamic property InicioControlador::$cursoModelo is deprecated | /homepages/22/d491590459/htdocs/autoexam/app/controladores/inicio_controlador.php:31
[2025-06-20 10:36:25][2a09:bac2:3130:191::28:110] ERROR | Creation of dynamic property InicioControlador::$cursoModelo is deprecated | /homepages/22/d491590459/htdocs/autoexam/app/controladores/inicio_controlador.php:31
[2025-06-20 10:36:26][2a09:bac2:3130:191::28:110] ERROR | Creation of dynamic property InicioControlador::$cursoModelo is deprecated | /homepages/22/d491590459/htdocs/autoexam/app/controladores/inicio_controlador.php:31
[2025-06-20 10:36:41][2a09:bac2:3130:191::28:110] ERROR | Creation of dynamic property InicioControlador::$cursoModelo is deprecated | /homepages/22/d491590459/htdocs/autoexam/app/controladores/inicio_controlador.php:31
[2025-06-20 10:36:52][2a09:bac2:3130:191::28:110] ERROR | Creation of dynamic property InicioControlador::$cursoModelo is deprecated | /homepages/22/d491590459/htdocs/autoexam/app/controladores/inicio_controlador.php:31
[2025-06-20 10:37:06][2a09:bac2:3130:191::28:110] ERROR | Creation of dynamic property InicioControlador::$cursoModelo is deprecated | /homepages/22/d491590459/htdocs/autoexam/app/controladores/inicio_controlador.php:31
[2025-06-20 10:37:06][2a09:bac2:3130:191::28:110] ERROR | Creation of dynamic property InicioControlador::$cursoModelo is deprecated | /homepages/22/d491590459/htdocs/autoexam/app/controladores/inicio_controlador.php:31
[2025-06-20 10:37:06][2a09:bac2:3130:191::28:110] ERROR | Creation of dynamic property InicioControlador::$cursoModelo is deprecated | /homepages/22/d491590459/htdocs/autoexam/app/controladores/inicio_controlador.php:31
[2025-06-20 10:37:09][2a09:bac2:3130:191::28:110] ERROR | session_destroy(): Trying to destroy uninitialized session | /homepages/22/d491590459/htdocs/autoexam/app/utilidades/sesion.php:149
[2025-06-20 10:37:09][2a09:bac2:3130:191::28:110] ERROR | Creation of dynamic property InicioControlador::$cursoModelo is deprecated | /homepages/22/d491590459/htdocs/autoexam/app/controladores/inicio_controlador.php:31
[2025-06-20 10:37:09][2a09:bac2:3131:191::28:cd] ERROR | Creation of dynamic property InicioControlador::$cursoModelo is deprecated | /homepages/22/d491590459/htdocs/autoexam/app/controladores/inicio_controlador.php:31
[2025-06-20 10:37:09][2a09:bac2:3131:191::28:cd] ERROR | Creation of dynamic property InicioControlador::$cursoModelo is deprecated | /homepages/22/d491590459/htdocs/autoexam/app/controladores/inicio_controlador.php:31
[2025-06-20 10:37:11][2a09:bac2:3130:191::28:110] ERROR | Creation of dynamic property InicioControlador::$cursoModelo is deprecated | /homepages/22/d491590459/htdocs/autoexam/app/controladores/inicio_controlador.php:31
[2025-06-20 10:40:18][2a09:bac2:3130:191::28:110] ERROR | Creation of dynamic property InicioControlador::$cursoModelo is deprecated | /homepages/22/d491590459/htdocs/autoexam/app/controladores/inicio_controlador.php:31
[2025-06-20 10:40:28][2a09:bac2:3130:191::28:110] ERROR | Undefined array key "buscar" | /homepages/22/d491590459/htdocs/autoexam/app/vistas/admin/usuarios/listar.php:114
[2025-06-20 10:40:28][2a09:bac2:3130:191::28:110] ERROR | htmlspecialchars(): Passing null to parameter #1 ($string) of type string is deprecated | /homepages/22/d491590459/htdocs/autoexam/app/vistas/admin/usuarios/listar.php:114
[2025-06-20 10:40:28][2a09:bac2:3130:191::28:110] ERROR | Undefined array key "rol" | /homepages/22/d491590459/htdocs/autoexam/app/vistas/admin/usuarios/listar.php:124
[2025-06-20 10:40:28][2a09:bac2:3130:191::28:110] ERROR | Undefined array key "rol" | /homepages/22/d491590459/htdocs/autoexam/app/vistas/admin/usuarios/listar.php:125
[2025-06-20 10:40:28][2a09:bac2:3130:191::28:110] ERROR | Undefined array key "rol" | /homepages/22/d491590459/htdocs/autoexam/app/vistas/admin/usuarios/listar.php:126
[2025-06-20 10:40:28][2a09:bac2:3130:191::28:110] ERROR | Undefined array key "activo" | /homepages/22/d491590459/htdocs/autoexam/app/vistas/admin/usuarios/listar.php:136
[2025-06-20 10:40:28][2a09:bac2:3130:191::28:110] ERROR | Undefined array key "activo" | /homepages/22/d491590459/htdocs/autoexam/app/vistas/admin/usuarios/listar.php:137
[2025-06-20 10:40:28][2a09:bac2:3130:191::28:110] ERROR | Creation of dynamic property InicioControlador::$cursoModelo is deprecated | /homepages/22/d491590459/htdocs/autoexam/app/controladores/inicio_controlador.php:31
[2025-06-20 10:40:28][2a09:bac2:3130:191::28:110] ERROR | Creation of dynamic property InicioControlador::$cursoModelo is deprecated | /homepages/22/d491590459/htdocs/autoexam/app/controladores/inicio_controlador.php:31
[2025-06-20 10:40:28][2a09:bac2:3130:191::28:110] ERROR | Creation of dynamic property InicioControlador::$cursoModelo is deprecated | /homepages/22/d491590459/htdocs/autoexam/app/controladores/inicio_controlador.php:31
[2025-06-20 10:40:31][2a09:bac2:3130:191::28:110] ERROR | Undefined array key "buscar" | /homepages/22/d491590459/htdocs/autoexam/app/vistas/admin/usuarios/listar.php:114
[2025-06-20 10:40:31][2a09:bac2:3130:191::28:110] ERROR | htmlspecialchars(): Passing null to parameter #1 ($string) of type string is deprecated | /homepages/22/d491590459/htdocs/autoexam/app/vistas/admin/usuarios/listar.php:114
[2025-06-20 10:40:31][2a09:bac2:3130:191::28:110] ERROR | Undefined array key "rol" | /homepages/22/d491590459/htdocs/autoexam/app/vistas/admin/usuarios/listar.php:124
[2025-06-20 10:40:31][2a09:bac2:3130:191::28:110] ERROR | Undefined array key "rol" | /homepages/22/d491590459/htdocs/autoexam/app/vistas/admin/usuarios/listar.php:125
[2025-06-20 10:40:31][2a09:bac2:3130:191::28:110] ERROR | Undefined array key "rol" | /homepages/22/d491590459/htdocs/autoexam/app/vistas/admin/usuarios/listar.php:126
[2025-06-20 10:40:31][2a09:bac2:3130:191::28:110] ERROR | Undefined array key "activo" | /homepages/22/d491590459/htdocs/autoexam/app/vistas/admin/usuarios/listar.php:136
[2025-06-20 10:40:31][2a09:bac2:3130:191::28:110] ERROR | Undefined array key "activo" | /homepages/22/d491590459/htdocs/autoexam/app/vistas/admin/usuarios/listar.php:137
[2025-06-20 10:40:32][2a09:bac2:3130:191::28:110] ERROR | Undefined array key "buscar" | /homepages/22/d491590459/htdocs/autoexam/app/vistas/admin/usuarios/listar.php:114
[2025-06-20 10:40:32][2a09:bac2:3130:191::28:110] ERROR | htmlspecialchars(): Passing null to parameter #1 ($string) of type string is deprecated | /homepages/22/d491590459/htdocs/autoexam/app/vistas/admin/usuarios/listar.php:114
[2025-06-20 10:40:32][2a09:bac2:3130:191::28:110] ERROR | Undefined array key "rol" | /homepages/22/d491590459/htdocs/autoexam/app/vistas/admin/usuarios/listar.php:124
[2025-06-20 10:40:32][2a09:bac2:3130:191::28:110] ERROR | Undefined array key "rol" | /homepages/22/d491590459/htdocs/autoexam/app/vistas/admin/usuarios/listar.php:125
[2025-06-20 10:40:32][2a09:bac2:3130:191::28:110] ERROR | Undefined array key "rol" | /homepages/22/d491590459/htdocs/autoexam/app/vistas/admin/usuarios/listar.php:126
[2025-06-20 10:40:32][2a09:bac2:3130:191::28:110] ERROR | Undefined array key "activo" | /homepages/22/d491590459/htdocs/autoexam/app/vistas/admin/usuarios/listar.php:136
[2025-06-20 10:40:32][2a09:bac2:3130:191::28:110] ERROR | Undefined array key "activo" | /homepages/22/d491590459/htdocs/autoexam/app/vistas/admin/usuarios/listar.php:137
[2025-06-20 10:40:36][2a09:bac2:3130:191::28:110] ERROR | Undefined array key "buscar" | /homepages/22/d491590459/htdocs/autoexam/app/vistas/admin/usuarios/listar.php:114
[2025-06-20 10:40:36][2a09:bac2:3130:191::28:110] ERROR | htmlspecialchars(): Passing null to parameter #1 ($string) of type string is deprecated | /homepages/22/d491590459/htdocs/autoexam/app/vistas/admin/usuarios/listar.php:114
[2025-06-20 10:40:36][2a09:bac2:3130:191::28:110] ERROR | Undefined array key "rol" | /homepages/22/d491590459/htdocs/autoexam/app/vistas/admin/usuarios/listar.php:124
[2025-06-20 10:40:36][2a09:bac2:3130:191::28:110] ERROR | Undefined array key "rol" | /homepages/22/d491590459/htdocs/autoexam/app/vistas/admin/usuarios/listar.php:125
[2025-06-20 10:40:36][2a09:bac2:3130:191::28:110] ERROR | Undefined array key "rol" | /homepages/22/d491590459/htdocs/autoexam/app/vistas/admin/usuarios/listar.php:126
[2025-06-20 10:40:36][2a09:bac2:3130:191::28:110] ERROR | Undefined array key "activo" | /homepages/22/d491590459/htdocs/autoexam/app/vistas/admin/usuarios/listar.php:136
[2025-06-20 10:40:36][2a09:bac2:3130:191::28:110] ERROR | Undefined array key "activo" | /homepages/22/d491590459/htdocs/autoexam/app/vistas/admin/usuarios/listar.php:137
[2025-06-20 10:40:39][2a09:bac2:3130:191::28:110] ERROR | Undefined array key "buscar" | /homepages/22/d491590459/htdocs/autoexam/app/vistas/admin/usuarios/listar.php:114
[2025-06-20 10:40:39][2a09:bac2:3130:191::28:110] ERROR | htmlspecialchars(): Passing null to parameter #1 ($string) of type string is deprecated | /homepages/22/d491590459/htdocs/autoexam/app/vistas/admin/usuarios/listar.php:114
[2025-06-20 10:40:39][2a09:bac2:3130:191::28:110] ERROR | Undefined array key "rol" | /homepages/22/d491590459/htdocs/autoexam/app/vistas/admin/usuarios/listar.php:124
[2025-06-20 10:40:39][2a09:bac2:3130:191::28:110] ERROR | Undefined array key "rol" | /homepages/22/d491590459/htdocs/autoexam/app/vistas/admin/usuarios/listar.php:125
[2025-06-20 10:40:39][2a09:bac2:3130:191::28:110] ERROR | Undefined array key "rol" | /homepages/22/d491590459/htdocs/autoexam/app/vistas/admin/usuarios/listar.php:126
[2025-06-20 10:40:39][2a09:bac2:3130:191::28:110] ERROR | Undefined array key "activo" | /homepages/22/d491590459/htdocs/autoexam/app/vistas/admin/usuarios/listar.php:136
[2025-06-20 10:40:39][2a09:bac2:3130:191::28:110] ERROR | Undefined array key "activo" | /homepages/22/d491590459/htdocs/autoexam/app/vistas/admin/usuarios/listar.php:137
[2025-06-20 10:40:41][2a09:bac2:3130:191::28:110] ERROR | Undefined array key "buscar" | /homepages/22/d491590459/htdocs/autoexam/app/vistas/admin/usuarios/listar.php:114
[2025-06-20 10:40:41][2a09:bac2:3130:191::28:110] ERROR | htmlspecialchars(): Passing null to parameter #1 ($string) of type string is deprecated | /homepages/22/d491590459/htdocs/autoexam/app/vistas/admin/usuarios/listar.php:114
[2025-06-20 10:40:41][2a09:bac2:3130:191::28:110] ERROR | Undefined array key "rol" | /homepages/22/d491590459/htdocs/autoexam/app/vistas/admin/usuarios/listar.php:124
[2025-06-20 10:40:41][2a09:bac2:3130:191::28:110] ERROR | Undefined array key "rol" | /homepages/22/d491590459/htdocs/autoexam/app/vistas/admin/usuarios/listar.php:125
[2025-06-20 10:40:41][2a09:bac2:3130:191::28:110] ERROR | Undefined array key "rol" | /homepages/22/d491590459/htdocs/autoexam/app/vistas/admin/usuarios/listar.php:126
[2025-06-20 10:40:41][2a09:bac2:3130:191::28:110] ERROR | Undefined array key "activo" | /homepages/22/d491590459/htdocs/autoexam/app/vistas/admin/usuarios/listar.php:136
[2025-06-20 10:40:41][2a09:bac2:3130:191::28:110] ERROR | Undefined array key "activo" | /homepages/22/d491590459/htdocs/autoexam/app/vistas/admin/usuarios/listar.php:137
[2025-06-20 10:40:48][2a09:bac2:3130:191::28:110] ERROR | Undefined array key "buscar" | /homepages/22/d491590459/htdocs/autoexam/app/vistas/admin/usuarios/listar.php:114
[2025-06-20 10:40:48][2a09:bac2:3130:191::28:110] ERROR | htmlspecialchars(): Passing null to parameter #1 ($string) of type string is deprecated | /homepages/22/d491590459/htdocs/autoexam/app/vistas/admin/usuarios/listar.php:114
[2025-06-20 10:40:48][2a09:bac2:3130:191::28:110] ERROR | Undefined array key "rol" | /homepages/22/d491590459/htdocs/autoexam/app/vistas/admin/usuarios/listar.php:124
[2025-06-20 10:40:48][2a09:bac2:3130:191::28:110] ERROR | Undefined array key "rol" | /homepages/22/d491590459/htdocs/autoexam/app/vistas/admin/usuarios/listar.php:125
[2025-06-20 10:40:48][2a09:bac2:3130:191::28:110] ERROR | Undefined array key "rol" | /homepages/22/d491590459/htdocs/autoexam/app/vistas/admin/usuarios/listar.php:126
[2025-06-20 10:40:48][2a09:bac2:3130:191::28:110] ERROR | Undefined array key "activo" | /homepages/22/d491590459/htdocs/autoexam/app/vistas/admin/usuarios/listar.php:136
[2025-06-20 10:40:48][2a09:bac2:3130:191::28:110] ERROR | Undefined array key "activo" | /homepages/22/d491590459/htdocs/autoexam/app/vistas/admin/usuarios/listar.php:137
[2025-06-20 10:40:57][2a09:bac2:3130:191::28:110] ERROR | Creation of dynamic property InicioControlador::$cursoModelo is deprecated | /homepages/22/d491590459/htdocs/autoexam/app/controladores/inicio_controlador.php:31
[2025-06-20 10:41:08][2a09:bac2:3130:191::28:110] ERROR | Undefined array key "buscar" | /homepages/22/d491590459/htdocs/autoexam/app/vistas/admin/usuarios/listar.php:114
[2025-06-20 10:41:08][2a09:bac2:3130:191::28:110] ERROR | htmlspecialchars(): Passing null to parameter #1 ($string) of type string is deprecated | /homepages/22/d491590459/htdocs/autoexam/app/vistas/admin/usuarios/listar.php:114
[2025-06-20 10:41:08][2a09:bac2:3130:191::28:110] ERROR | Undefined array key "rol" | /homepages/22/d491590459/htdocs/autoexam/app/vistas/admin/usuarios/listar.php:124
[2025-06-20 10:41:08][2a09:bac2:3130:191::28:110] ERROR | Undefined array key "rol" | /homepages/22/d491590459/htdocs/autoexam/app/vistas/admin/usuarios/listar.php:125
[2025-06-20 10:41:08][2a09:bac2:3130:191::28:110] ERROR | Undefined array key "rol" | /homepages/22/d491590459/htdocs/autoexam/app/vistas/admin/usuarios/listar.php:126
[2025-06-20 10:41:08][2a09:bac2:3130:191::28:110] ERROR | Undefined array key "activo" | /homepages/22/d491590459/htdocs/autoexam/app/vistas/admin/usuarios/listar.php:136
[2025-06-20 10:41:08][2a09:bac2:3130:191::28:110] ERROR | Undefined array key "activo" | /homepages/22/d491590459/htdocs/autoexam/app/vistas/admin/usuarios/listar.php:137
[2025-06-20 14:30:03][2a09:bac3:3133:245a::39f:61] ERROR | Creation of dynamic property InicioControlador::$cursoModelo is deprecated | /homepages/22/d491590459/htdocs/autoexam/app/controladores/inicio_controlador.php:31
[2025-06-20 14:30:03][2a09:bac3:3133:245a::39f:61] ERROR | Creation of dynamic property InicioControlador::$cursoModelo is deprecated | /homepages/22/d491590459/htdocs/autoexam/app/controladores/inicio_controlador.php:31
[2025-06-20 14:32:29][2a09:bac3:3130:245a::39f:64] ERROR | Creation of dynamic property InicioControlador::$cursoModelo is deprecated | /homepages/22/d491590459/htdocs/autoexam/app/controladores/inicio_controlador.php:31
[2025-06-20 14:32:33][2a09:bac3:3130:245a::39f:64] ERROR | Creation of dynamic property InicioControlador::$cursoModelo is deprecated | /homepages/22/d491590459/htdocs/autoexam/app/controladores/inicio_controlador.php:31
